<?xml version="1.0" encoding="UTF-8"?>
<robot generator="Robot 7.3.2 (Python 3.13.5 on win32)" generated="2025-08-28T16:38:56.864694" rpa="false" schemaversion="5">
<suite id="s1" name="Tests" source="C:\Documents\PROJETO\supernatural-academyt14-api-robot\tests">
<suite id="s1-s1" name="Board" source="C:\Documents\PROJETO\supernatural-academyt14-api-robot\tests\board">
<suite id="s1-s1-s1" name="Get Robot Test" source="C:\Documents\PROJETO\supernatural-academyt14-api-robot\tests\board\get_robot_test.robot">
<test id="s1-s1-s1-t1" name="Listar Cadastro de Diretoria com Sucesso" line="7">
<kw name="Login e Obter Token" owner="login">
<kw name="Create Dictionary" owner="BuiltIn">
<msg time="2025-08-28T16:38:57.181582" level="INFO">${headers} = {'accept': 'application/json', 'Content-Type': 'application/json'}</msg>
<var>${headers}</var>
<arg>accept=application/json</arg>
<arg>Content-Type=application/json</arg>
<doc>Creates and returns a dictionary based on the given ``items``.</doc>
<status status="PASS" start="2025-08-28T16:38:57.181406" elapsed="0.000205"/>
</kw>
<kw name="Create Session" owner="RequestsLibrary">
<msg time="2025-08-28T16:38:57.181882" level="INFO">Creating Session using : alias=supernatural, url=https://api-shogun.qacoders.dev.br, headers={'accept': 'application/json', 'Content-Type': 'application/json'},                     cookies={}, auth=None, timeout=None, proxies=None, verify=False,                     debug=0 </msg>
<arg>supernatural</arg>
<arg>${BASE_URL}</arg>
<arg>headers=${headers}</arg>
<arg>verify=${False}</arg>
<doc>Create Session: create a HTTP session to a server</doc>
<status status="PASS" start="2025-08-28T16:38:57.181697" elapsed="0.000311"/>
</kw>
<kw name="Create Dictionary" owner="BuiltIn">
<msg time="2025-08-28T16:38:57.182250" level="INFO">${body} = {'mail': 'sysadmin@qacoders.com', 'password': '1234@Test'}</msg>
<var>${body}</var>
<arg>mail=${ADMIN_EMAIL}</arg>
<arg>password=${ADMIN_PASSWORD}</arg>
<doc>Creates and returns a dictionary based on the given ``items``.</doc>
<status status="PASS" start="2025-08-28T16:38:57.182093" elapsed="0.000173"/>
</kw>
<kw name="POST On Session" owner="RequestsLibrary">
<msg time="2025-08-28T16:38:59.319380" level="INFO">POST Request : url=https://api-shogun.qacoders.dev.br/api/login/ 
 path_url=/api/login/ 
 headers={'User-Agent': 'python-requests/2.32.4', 'Accept-Encoding': 'gzip, deflate, zstd', 'accept': 'application/json', 'Connection': 'keep-alive', 'Content-Type': 'application/json', 'Content-Length': '58'} 
 body=b'{"mail": "sysadmin@qacoders.com", "password": "1234@Test"}' 
 </msg>
<msg time="2025-08-28T16:38:59.319627" level="INFO">POST Response : url=https://api-shogun.qacoders.dev.br/api/login/ 
 status=200, reason=OK 
 headers={'Access-Control-Allow-Origin': '*', 'Content-Length': '1334', 'Content-Type': 'application/json; charset=utf-8', 'Date': 'Thu, 28 Aug 2025 19:38:58 GMT', 'Etag': 'W/"536-GUhaRhfB9cwYYxB+ZPBYhAE3KFw"', 'X-Powered-By': 'Express'} 
 body={"msg":"Olá Qa-Coders-SYSADMIN, autenticação autorizada com sucesso!","user":{"_id":"685c78dff2e5bdf57706dac8","fullName":"Qa-Coders-SYSADMIN","mail":"sysadmin@qacoders.com","password":"$2b$10$VzNYgm3dBAO4W.Tld.1fV.cv809daCmrUcar.YbpQRYfm5hCTiQw6","accessProfile":"SYSADMIN","cpf":"11111111111","status":true,"audit":[{"registeredBy":{"userId":"111111111111111111","userLogin":"sysadmin@qacoders.com"},"registrationDate":"quarta-feira, 25/06/2025, 19:31:58 BRT","registrationNumber":"01","companyId":"Qa.Coders","_id":"685c78dff2e5bdf57706dac9"}],"__v":0},"token":"eyJhbGciOiJIUzI1NiIsInR5cCI6IkpXVCJ9.eyJfaWQiOiI2ODVjNzhkZmYyZTViZGY1NzcwNmRhYzgiLCJmdWxsTmFtZSI6IlFhLUNvZGVycy1TWVNBRE1JTiIsIm1haWwiOiJzeXNhZG1pbkBxYWNvZGVycy5jb20iLCJwYXNzd29yZCI6IiQyYiQxMCRWek5ZZ20zZEJBTzRXLlRsZC4xZlYuY3Y4MDlkYUNtclVjYXIuWWJwUVJZZm01aENUaVF3NiIsImFjY2Vzc1Byb2ZpbGUiOiJTWVNBRE1JTiIsImNwZiI6IjExMTExMTExMTExIiwic3RhdHVzIjp0cnVlLCJhdWRpdCI6W3sicmVnaXN0ZXJlZEJ5Ijp7InVzZXJJZCI6IjExMTExMTExMTExMTExMTExMSIsInVzZXJMb2dpbiI6InN5c2FkbWluQHFhY29kZXJzLmNvbSJ9LCJyZWdpc3RyYXRpb25EYXRlIjoicXVhcnRhLWZlaXJhLCAyNS8wNi8yMDI1LCAxOTozMTo1OCBCUlQiLCJyZWdpc3RyYXRpb25OdW1iZXIiOiIwMSIsImNvbXBhbnlJZCI6IlFhLkNvZGVycyIsIl9pZCI6IjY4NWM3OGRmZjJlNWJkZjU3NzA2ZGFjOSJ9XSwiX192IjowLCJpYXQiOjE3NTY0MDk5MzgsImV4cCI6MTc1NjQ5NjMzOH0.FxikknCHUTqOKacj8O8DJoGgPsR8aKaDVGwUSVANxvc"} 
 </msg>
<msg time="2025-08-28T16:38:59.319802" level="INFO">C:\Users\evilh\AppData\Local\Programs\Python\Python313\Lib\site-packages\urllib3\connectionpool.py:1097: InsecureRequestWarning: Unverified HTTPS request is being made to host 'api-shogun.qacoders.dev.br'. Adding certificate verification is strongly advised. See: https://urllib3.readthedocs.io/en/latest/advanced-usage.html#tls-warnings
  warnings.warn(</msg>
<msg time="2025-08-28T16:38:59.320632" level="INFO">${response} = &lt;Response [200]&gt;</msg>
<var>${response}</var>
<arg>supernatural</arg>
<arg>/api/login/</arg>
<arg>json=${body}</arg>
<doc>Sends a POST request on a previously created HTTP Session.</doc>
<status status="PASS" start="2025-08-28T16:38:57.182422" elapsed="2.138296"/>
</kw>
<kw name="Should Be Equal As Integers" owner="BuiltIn">
<msg time="2025-08-28T16:38:59.322137" level="INFO">Argument types are:
&lt;class 'int'&gt;
&lt;class 'str'&gt;</msg>
<arg>${response.status_code}</arg>
<arg>200</arg>
<doc>Fails if objects are unequal after converting them to integers.</doc>
<status status="PASS" start="2025-08-28T16:38:59.321033" elapsed="0.001249"/>
</kw>
<kw name="Set Variable" owner="BuiltIn">
<msg time="2025-08-28T16:38:59.323744" level="INFO">${json} = {'msg': 'Olá Qa-Coders-SYSADMIN, autenticação autorizada com sucesso!', 'user': {'_id': '685c78dff2e5bdf57706dac8', 'fullName': 'Qa-Coders-SYSADMIN', 'mail': 'sysadmin@qacoders.com', 'password': '$2b$...</msg>
<var>${json}</var>
<arg>${response.json()}</arg>
<doc>Returns the given values which can then be assigned to a variables.</doc>
<status status="PASS" start="2025-08-28T16:38:59.322531" elapsed="0.001237"/>
</kw>
<kw name="Set Variable" owner="BuiltIn">
<msg time="2025-08-28T16:38:59.324181" level="INFO">${token} = eyJhbGciOiJIUzI1NiIsInR5cCI6IkpXVCJ9.eyJfaWQiOiI2ODVjNzhkZmYyZTViZGY1NzcwNmRhYzgiLCJmdWxsTmFtZSI6IlFhLUNvZGVycy1TWVNBRE1JTiIsIm1haWwiOiJzeXNhZG1pbkBxYWNvZGVycy5jb20iLCJwYXNzd29yZCI6IiQyYiQxMCRWek5ZZ20...</msg>
<var>${token}</var>
<arg>${json['token']}</arg>
<doc>Returns the given values which can then be assigned to a variables.</doc>
<status status="PASS" start="2025-08-28T16:38:59.323851" elapsed="0.000352"/>
</kw>
<kw name="Set Suite Variable" owner="BuiltIn">
<msg time="2025-08-28T16:38:59.324430" level="INFO">${TOKEN} = eyJhbGciOiJIUzI1NiIsInR5cCI6IkpXVCJ9.eyJfaWQiOiI2ODVjNzhkZmYyZTViZGY1NzcwNmRhYzgiLCJmdWxsTmFtZSI6IlFhLUNvZGVycy1TWVNBRE1JTiIsIm1haWwiOiJzeXNhZG1pbkBxYWNvZGVycy5jb20iLCJwYXNzd29yZCI6IiQyYiQxMCRWek5ZZ20...</msg>
<arg>${TOKEN}</arg>
<arg>${token}</arg>
<doc>Makes a variable available everywhere within the scope of the current suite.</doc>
<status status="PASS" start="2025-08-28T16:38:59.324291" elapsed="0.000166"/>
</kw>
<doc>Faz login e armazena o token para uso em outros testes</doc>
<status status="PASS" start="2025-08-28T16:38:57.180997" elapsed="2.143506"/>
</kw>
<kw name="Gerar Nome Diretoria" owner="board">
<kw name="Generate Random String" owner="String">
<msg time="2025-08-28T16:38:59.325228" level="INFO">${palavra_randomica} = qqykOxlwd</msg>
<var>${palavra_randomica}</var>
<arg>length=9</arg>
<arg>chars=[LETTERS]</arg>
<doc>Generates a string with a desired ``length`` from the given ``chars``.</doc>
<status status="PASS" start="2025-08-28T16:38:59.325033" elapsed="0.000214"/>
</kw>
<kw name="Convert To Lower Case" owner="String">
<msg time="2025-08-28T16:38:59.325426" level="INFO">${palavra_randomica} = bqqykoxlwd</msg>
<var>${palavra_randomica}</var>
<arg>B${palavra_randomica}</arg>
<doc>Converts string to lower case.</doc>
<status status="PASS" start="2025-08-28T16:38:59.325320" elapsed="0.000122"/>
</kw>
<kw name="Set Test Variable" owner="BuiltIn">
<msg time="2025-08-28T16:38:59.325637" level="INFO">${BOARD_NAME} = bqqykoxlwd</msg>
<arg>${BOARD_NAME}</arg>
<arg>${palavra_randomica}</arg>
<doc>Makes a variable available everywhere within the scope of the current test.</doc>
<status status="PASS" start="2025-08-28T16:38:59.325523" elapsed="0.000273"/>
</kw>
<kw name="Log" owner="BuiltIn">
<msg time="2025-08-28T16:38:59.325936" level="INFO">bqqykoxlwd</msg>
<arg>${BOARD_NAME}</arg>
<doc>Logs the given message with the given level.</doc>
<status status="PASS" start="2025-08-28T16:38:59.325867" elapsed="0.000093"/>
</kw>
<status status="PASS" start="2025-08-28T16:38:59.324874" elapsed="0.001119"/>
</kw>
<kw name="Cadastrar Diretoria" owner="board">
<kw name="Create Dictionary" owner="BuiltIn">
<msg time="2025-08-28T16:38:59.326571" level="INFO">${headers} = {'Content-Type': 'application/json', 'Authorization': 'eyJhbGciOiJIUzI1NiIsInR5cCI6IkpXVCJ9.eyJfaWQiOiI2ODVjNzhkZmYyZTViZGY1NzcwNmRhYzgiLCJmdWxsTmFtZSI6IlFhLUNvZGVycy1TWVNBRE1JTiIsIm1haWwiOiJzeXNhZG1p...</msg>
<var>${headers}</var>
<arg>Content-Type=application/json</arg>
<arg>Authorization=${TOKEN}</arg>
<doc>Creates and returns a dictionary based on the given ``items``.</doc>
<status status="PASS" start="2025-08-28T16:38:59.326443" elapsed="0.000145"/>
</kw>
<kw name="Create Dictionary" owner="BuiltIn">
<msg time="2025-08-28T16:38:59.326754" level="INFO">${body} = {'boardName': 'bqqykoxlwd'}</msg>
<var>${body}</var>
<arg>boardName=${BOARD_NAME}</arg>
<doc>Creates and returns a dictionary based on the given ``items``.</doc>
<status status="PASS" start="2025-08-28T16:38:59.326650" elapsed="0.000118"/>
</kw>
<kw name="POST On Session" owner="RequestsLibrary">
<msg time="2025-08-28T16:38:59.479159" level="INFO">POST Request : url=https://api-shogun.qacoders.dev.br/api/board 
 path_url=/api/board 
 headers={'User-Agent': 'python-requests/2.32.4', 'Accept-Encoding': 'gzip, deflate, zstd', 'accept': 'application/json', 'Connection': 'keep-alive', 'Content-Type': 'application/json', 'Authorization': 'eyJhbGciOiJIUzI1NiIsInR5cCI6IkpXVCJ9.eyJfaWQiOiI2ODVjNzhkZmYyZTViZGY1NzcwNmRhYzgiLCJmdWxsTmFtZSI6IlFhLUNvZGVycy1TWVNBRE1JTiIsIm1haWwiOiJzeXNhZG1pbkBxYWNvZGVycy5jb20iLCJwYXNzd29yZCI6IiQyYiQxMCRWek5ZZ20zZEJBTzRXLlRsZC4xZlYuY3Y4MDlkYUNtclVjYXIuWWJwUVJZZm01aENUaVF3NiIsImFjY2Vzc1Byb2ZpbGUiOiJTWVNBRE1JTiIsImNwZiI6IjExMTExMTExMTExIiwic3RhdHVzIjp0cnVlLCJhdWRpdCI6W3sicmVnaXN0ZXJlZEJ5Ijp7InVzZXJJZCI6IjExMTExMTExMTExMTExMTExMSIsInVzZXJMb2dpbiI6InN5c2FkbWluQHFhY29kZXJzLmNvbSJ9LCJyZWdpc3RyYXRpb25EYXRlIjoicXVhcnRhLWZlaXJhLCAyNS8wNi8yMDI1LCAxOTozMTo1OCBCUlQiLCJyZWdpc3RyYXRpb25OdW1iZXIiOiIwMSIsImNvbXBhbnlJZCI6IlFhLkNvZGVycyIsIl9pZCI6IjY4NWM3OGRmZjJlNWJkZjU3NzA2ZGFjOSJ9XSwiX192IjowLCJpYXQiOjE3NTY0MDk5MzgsImV4cCI6MTc1NjQ5NjMzOH0.FxikknCHUTqOKacj8O8DJoGgPsR8aKaDVGwUSVANxvc', 'Content-Length': '27'} 
 body=b'{"boardName": "bqqykoxlwd"}' 
 </msg>
<msg time="2025-08-28T16:38:59.479327" level="INFO">POST Response : url=https://api-shogun.qacoders.dev.br/api/board 
 status=201, reason=Created 
 headers={'Access-Control-Allow-Origin': '*', 'Content-Length': '345', 'Content-Type': 'application/json; charset=utf-8', 'Date': 'Thu, 28 Aug 2025 19:38:58 GMT', 'Etag': 'W/"159-SmAp/kHqwjGdb31C0Nhaxn4vxo4"', 'X-Powered-By': 'Express'} 
 body={"msg":"Cadastro realizado com sucesso!","newBoard":{"boardName":"bqqykoxlwd","boardCode":"98","status":true,"audit":[{"registrationDate":"quinta-feira, 28/08/2025, 16:38:58 BRT","registeredBy":{"userId":"685c78dff2e5bdf57706dac8","userLogin":"sysadmin@qacoders.com"},"_id":"68b0b052cec232b1ccc98ef7"}],"_id":"68b0b052cec232b1ccc98ef6","__v":0}} 
 </msg>
<msg time="2025-08-28T16:38:59.479482" level="INFO">C:\Users\evilh\AppData\Local\Programs\Python\Python313\Lib\site-packages\urllib3\connectionpool.py:1097: InsecureRequestWarning: Unverified HTTPS request is being made to host 'api-shogun.qacoders.dev.br'. Adding certificate verification is strongly advised. See: https://urllib3.readthedocs.io/en/latest/advanced-usage.html#tls-warnings
  warnings.warn(</msg>
<msg time="2025-08-28T16:38:59.480294" level="INFO">${response} = &lt;Response [201]&gt;</msg>
<var>${response}</var>
<arg>supernatural</arg>
<arg>/api/board</arg>
<arg>json=${body}</arg>
<arg>headers=${headers}</arg>
<doc>Sends a POST request on a previously created HTTP Session.</doc>
<status status="PASS" start="2025-08-28T16:38:59.326823" elapsed="0.153558"/>
</kw>
<kw name="Should Be Equal As Integers" owner="BuiltIn">
<msg time="2025-08-28T16:38:59.481700" level="INFO">Argument types are:
&lt;class 'int'&gt;
&lt;class 'str'&gt;</msg>
<arg>${response.status_code}</arg>
<arg>201</arg>
<doc>Fails if objects are unequal after converting them to integers.</doc>
<status status="PASS" start="2025-08-28T16:38:59.480704" elapsed="0.001134"/>
</kw>
<kw name="Set Variable" owner="BuiltIn">
<msg time="2025-08-28T16:38:59.483195" level="INFO">${json} = {'msg': 'Cadastro realizado com sucesso!', 'newBoard': {'boardName': 'bqqykoxlwd', 'boardCode': '98', 'status': True, 'audit': [{'registrationDate': 'quinta-feira, 28/08/2025, 16:38:58 BRT', 'register...</msg>
<var>${json}</var>
<arg>${response.json()}</arg>
<doc>Returns the given values which can then be assigned to a variables.</doc>
<status status="PASS" start="2025-08-28T16:38:59.482096" elapsed="0.001166"/>
</kw>
<kw name="Set Variable" owner="BuiltIn">
<msg time="2025-08-28T16:38:59.484433" level="INFO">${board_id} = 68b0b052cec232b1ccc98ef6</msg>
<var>${board_id}</var>
<arg>${json['newBoard']['_id']}</arg>
<doc>Returns the given values which can then be assigned to a variables.</doc>
<status status="PASS" start="2025-08-28T16:38:59.483506" elapsed="0.000986"/>
</kw>
<kw name="Set Suite Variable" owner="BuiltIn">
<msg time="2025-08-28T16:38:59.485089" level="INFO">${BOARD_ID} = 68b0b052cec232b1ccc98ef6</msg>
<arg>${BOARD_ID}</arg>
<arg>${board_id}</arg>
<doc>Makes a variable available everywhere within the scope of the current suite.</doc>
<status status="PASS" start="2025-08-28T16:38:59.484735" elapsed="0.000433"/>
</kw>
<tag>board</tag>
<doc>Cadastra uma diretoria com nome dinâmico</doc>
<status status="PASS" start="2025-08-28T16:38:59.326297" elapsed="0.158988"/>
</kw>
<kw name="Listar Diretoria" owner="board">
<kw name="Create Session" owner="RequestsLibrary">
<msg time="2025-08-28T16:38:59.486307" level="INFO">Creating Session using : alias=api, url=https://api-shogun.qacoders.dev.br, headers={},                     cookies={}, auth=None, timeout=None, proxies=None, verify=False,                     debug=0 </msg>
<arg>api</arg>
<arg>${BASE_URL}</arg>
<doc>Create Session: create a HTTP session to a server</doc>
<status status="PASS" start="2025-08-28T16:38:59.486231" elapsed="0.000162"/>
</kw>
<kw name="Create Dictionary" owner="BuiltIn">
<msg time="2025-08-28T16:38:59.486583" level="INFO">${headers} = {'Content-Type': 'application/json', 'Authorization': 'eyJhbGciOiJIUzI1NiIsInR5cCI6IkpXVCJ9.eyJfaWQiOiI2ODVjNzhkZmYyZTViZGY1NzcwNmRhYzgiLCJmdWxsTmFtZSI6IlFhLUNvZGVycy1TWVNBRE1JTiIsIm1haWwiOiJzeXNhZG1p...</msg>
<var>${headers}</var>
<arg>Content-Type=application/json</arg>
<arg>Authorization=${TOKEN}</arg>
<doc>Creates and returns a dictionary based on the given ``items``.</doc>
<status status="PASS" start="2025-08-28T16:38:59.486460" elapsed="0.000139"/>
</kw>
<kw name="GET On Session" owner="RequestsLibrary">
<msg time="2025-08-28T16:39:00.164325" level="INFO">GET Request : url=https://api-shogun.qacoders.dev.br/api/board 
 path_url=/api/board 
 headers={'User-Agent': 'python-requests/2.32.4', 'Accept-Encoding': 'gzip, deflate, zstd', 'Accept': '*/*', 'Connection': 'keep-alive', 'Content-Type': 'application/json', 'Authorization': 'eyJhbGciOiJIUzI1NiIsInR5cCI6IkpXVCJ9.eyJfaWQiOiI2ODVjNzhkZmYyZTViZGY1NzcwNmRhYzgiLCJmdWxsTmFtZSI6IlFhLUNvZGVycy1TWVNBRE1JTiIsIm1haWwiOiJzeXNhZG1pbkBxYWNvZGVycy5jb20iLCJwYXNzd29yZCI6IiQyYiQxMCRWek5ZZ20zZEJBTzRXLlRsZC4xZlYuY3Y4MDlkYUNtclVjYXIuWWJwUVJZZm01aENUaVF3NiIsImFjY2Vzc1Byb2ZpbGUiOiJTWVNBRE1JTiIsImNwZiI6IjExMTExMTExMTExIiwic3RhdHVzIjp0cnVlLCJhdWRpdCI6W3sicmVnaXN0ZXJlZEJ5Ijp7InVzZXJJZCI6IjExMTExMTExMTExMTExMTExMSIsInVzZXJMb2dpbiI6InN5c2FkbWluQHFhY29kZXJzLmNvbSJ9LCJyZWdpc3RyYXRpb25EYXRlIjoicXVhcnRhLWZlaXJhLCAyNS8wNi8yMDI1LCAxOTozMTo1OCBCUlQiLCJyZWdpc3RyYXRpb25OdW1iZXIiOiIwMSIsImNvbXBhbnlJZCI6IlFhLkNvZGVycyIsIl9pZCI6IjY4NWM3OGRmZjJlNWJkZjU3NzA2ZGFjOSJ9XSwiX192IjowLCJpYXQiOjE3NTY0MDk5MzgsImV4cCI6MTc1NjQ5NjMzOH0.FxikknCHUTqOKacj8O8DJoGgPsR8aKaDVGwUSVANxvc'} 
 body=None 
 </msg>
<msg time="2025-08-28T16:39:00.164740" level="INFO">GET Response : url=https://api-shogun.qacoders.dev.br/api/board 
 status=200, reason=OK 
 headers={'Access-Control-Allow-Origin': '*', 'Content-Length': '29395', 'Content-Type': 'application/json; charset=utf-8', 'Date': 'Thu, 28 Aug 2025 19:38:58 GMT', 'Etag': 'W/"72d3-8hetxF98ZdU91Xf2gB2zfY2EzuA"', 'X-Powered-By': 'Express'} 
 body=[{"_id":"68a777adcec232b1ccc5f464","boardName":"OperacoesGelica&amp;TIPGT","boardCode":"01","status":true,"audit":[{"registeredBy":{"userId":"68a77237cec232b1ccc5f18f","userLogin":"andre.almeida73@suits.com.br"},"registrationDate":"quinta-feira, 21/08/2025, 16:46:53 BRT","_id":"68a777adcec232b1ccc5f465"}],"__v":0},{"_id":"68a7783dcec232b1ccc5f46d","boardName":"OperacoesGelica&amp;MarketingOIV","boardCode":"02","status":true,"audit":[{"registeredBy":{"userId":"68a77237cec232b1ccc5f18f","userLogin":"andre.almeida73@suits.com.br"},"registrationDate":"quinta-feira, 21/08/2025, 16:49:17 BRT","_id":"68a7783dcec232b1ccc5f46e"}],"__v":0},{"_id":"68a77852cec232b1ccc5f472","boardName":"OperacoesGelica&amp;ProducaoSOX","boardCode":"03","status":true,"audit":[{"registeredBy":{"userId":"68a77237cec232b1ccc5f18f","userLogin":"andre.almeida73@suits.com.br"},"registrationDate":"quinta-feira, 21/08/2025, 16:49:38 BRT","_id":"68a77852cec232b1ccc5f473"}],"__v":0},{"_id":"68a7785ecec232b1ccc5f477","boardName":"OperacoesGelica&amp;ComprasLTK","boardCode":"04","status":true,"audit":[{"registeredBy":{"userId":"68a77237cec232b1ccc5f18f","userLogin":"andre.almeida73@suits.com.br"},"registrationDate":"quinta-feira, 21/08/2025, 16:49:50 BRT","_id":"68a7785ecec232b1ccc5f478"}],"__v":0},{"_id":"68a7786ccec232b1ccc5f47c","boardName":"OperacoesGelica&amp;ExpedicaoJRY","boardCode":"05","status":true,"audit":[{"registeredBy":{"userId":"68a77237cec232b1ccc5f18f","userLogin":"andre.almeida73@suits.com.br"},"registrationDate":"quinta-feira, 21/08/2025, 16:50:04 BRT","_id":"68a7786ccec232b1ccc5f47d"}],"__v":0},{"_id":"68a7786dcec232b1ccc5f481","boardName":"OperacoesGelica&amp;RHDTR","boardCode":"06","status":true,"audit":[{"registeredBy":{"userId":"68a77237cec232b1ccc5f18f","userLogin":"andre.almeida73@suits.com.br"},"registrationDate":"quinta-feira, 21/08/2025, 16:50:05 BRT","_id":"68a7786dcec232b1ccc5f482"}],"__v":0},{"_id":"68a77c2bcec232b1ccc5f517","boardName":"Supervisao","boardCode":"07","status":true,"audit":[{"registeredBy":{"userId":"68a775e1cec232b1ccc5f338","userLogin":"janePatR@uol.com.br"},"registrationDate":"quinta-feira, 21/08/2025, 17:06:03 BRT","_id":"68a77c2bcec232b1ccc5f518"}],"__v":0},{"_id":"68a77c67cec232b1ccc5f55a","boardName":"Passivos","boardCode":"08","status":true,"audit":[{"registeredBy":{"userId":"68a775e1cec232b1ccc5f338","userLogin":"janePatR@uol.com.br"},"registrationDate":"quinta-feira, 21/08/2025, 17:07:03 BRT","_id":"68a77c67cec232b1ccc5f55b"}],"__v":0},{"_id":"68a77cc1cec232b1ccc5f5d5","boardName":"Yoga","boardCode":"09","status":true,"audit":[{"registeredBy":{"userId":"68a775e1cec232b1ccc5f338","userLogin":"janePatR@uol.com.br"},"registrationDate":"quinta-feira, 21/08/2025, 17:08:33 BRT","_id":"68a77cc1cec232b1ccc5f5d6"}],"__v":0},{"_id":"68a77dc1cec232b1ccc5f5e4","boardName":"Operacao","boardCode":"10","status":true,"audit":[{"registeredBy":{"userId":"68a775e1cec232b1ccc5f338","userLogin":"janePatR@uol.com.br"},"registrationDate":"quinta-feira, 21/08/2025, 17:12:49 BRT","_id":"68a77dc1cec232b1ccc5f5e5"}],"__v":0},{"_id":"68a79d4fcec232b1ccc5fe0f","boardName":"Testes do Martins","boardCode":"11","status":true,"audit":[{"registeredBy":{"userId":"685c78dff2e5bdf57706dac8","userLogin":"sysadmin@qacoders.com"},"registrationDate":"quinta-feira, 21/08/2025, 19:27:27 BRT","_id":"68a79d4fcec232b1ccc5fe10"}],"__v":0},{"_id":"68afc308cec232b1ccc977c4","boardName":"frytnmtv","boardCode":"12","status":true,"audit":[{"registeredBy":{"userId":"685c78dff2e5bdf57706dac8","userLogin":"sysadmin@qacoders.com"},"registrationDate":"quarta-feira, 27/08/2025, 23:46:32 BRT","_id":"68afc308cec232b1ccc977c5"}],"__v":0},{"_id":"68afc5f1cec232b1ccc977e8","boardName":"kfwdqgip","boardCode":"13","status":true,"audit":[{"registeredBy":{"userId":"685c78dff2e5bdf57706dac8","userLogin":"sysadmin@qacoders.com"},"registrationDate":"quarta-feira, 27/08/2025, 23:58:57 BRT","_id":"68afc5f1cec232b1ccc977e9"}],"__v":0},{"_id":"68afca19cec232b1ccc977fc","boardName":"ycrigqtb","boardCode":"14","status":true,"audit":[{"registeredBy":{"userId":"685c78dff2e5bdf57706dac8","userLogin":"sysadmin@qacoders.com"},"registrationDate":"quinta-feira, 28/08/2025, 00:16:41 BRT","_id":"68afca19cec232b1ccc977fd"}],"__v":0},{"_id":"68afcb98cec232b1ccc9780e","boardName":"tvzvqcns","boardCode":"15","status":true,"audit":[{"registeredBy":{"userId":"685c78dff2e5bdf57706dac8","userLogin":"sysadmin@qacoders.com"},"registrationDate":"quinta-feira, 28/08/2025, 00:23:04 BRT","_id":"68afcb98cec232b1ccc9780f"}],"__v":0},{"_id":"68afcbabcec232b1ccc97828","boardName":"odajyoaq","boardCode":"16","status":true,"audit":[{"registeredBy":{"userId":"685c78dff2e5bdf57706dac8","userLogin":"sysadmin@qacoders.com"},"registrationDate":"quinta-feira, 28/08/2025, 00:23:23 BRT","_id":"68afcbabcec232b1ccc97829"}],"__v":0},{"_id":"68afcedacec232b1ccc97860","boardName":"Sqadros","boardCode":"17","status":true,"audit":[{"registeredBy":{"userId":"685c78dff2e5bdf57706dac8","userLogin":"sysadmin@qacoders.com"},"registrationDate":"quinta-feira, 28/08/2025, 00:36:58 BRT","_id":"68afcedacec232b1ccc97861"},{"updatedBy":{"userId":"685c78dff2e5bdf57706dac8","userLogin":"sysadmin@qacoders.com"},"updateDate":"quinta-feira, 28/08/2025, 01:14:11 BRT","_id":"68afd793cec232b1ccc97d21"},{"updatedBy":{"userId":"685c78dff2e5bdf57706dac8","userLogin":"sysadmin@qacoders.com"},"updateDate":"quinta-feira, 28/08/2025, 01:43:00 BRT","_id":"68afde54cec232b1ccc97d98"}],"__v":0},{"_id":"68afd09bcec232b1ccc978f6","boardName":"vccngmvx","boardCode":"18","status":true,"audit":[{"registeredBy":{"userId":"685c78dff2e5bdf57706dac8","userLogin":"sysadmin@qacoders.com"},"registrationDate":"quinta-feira, 28/08/2025, 00:44:27 BRT","_id":"68afd09bcec232b1ccc978f7"}],"__v":0},{"_id":"68afd0aecec232b1ccc97910","boardName":"kakraivs","boardCode":"19","status":true,"audit":[{"registeredBy":{"userId":"685c78dff2e5bdf57706dac8","userLogin":"sysadmin@qacoders.com"},"registrationDate":"quinta-feira, 28/08/2025, 00:44:46 BRT","_id":"68afd0aecec232b1ccc97911"}],"__v":0},{"_id":"68afd0decec232b1ccc9792a","boardName":"ryeuhnpc","boardCode":"20","status":true,"audit":[{"registeredBy":{"userId":"685c78dff2e5bdf57706dac8","userLogin":"sysadmin@qacoders.com"},"registrationDate":"quinta-feira, 28/08/2025, 00:45:34 BRT","_id":"68afd0decec232b1ccc9792b"}],"__v":0},{"_id":"68afd2f2cec232b1ccc97946","boardName":"iokbnyeq","boardCode":"21","status":true,"audit":[{"registeredBy":{"userId":"685c78dff2e5bdf57706dac8","userLogin":"sysadmin@qacoders.com"},"registrationDate":"quinta-feira, 28/08/2025, 00:54:26 BRT","_id":"68afd2f2cec232b1ccc97947"}],"__v":0},{"_id":"68afd734cec232b1ccc97cfd","boardName":"Toths","boardCode":"22","status":true,"audit":[{"registeredBy":{"userId":"68afd53acec232b1ccc97969","userLogin":"Victorlyrio@bariu.com"},"registrationDate":"quinta-feira, 28/08/2025, 01:12:36 BRT","_id":"68afd734cec232b1ccc97cfe"}],"__v":0},{"_id":"68afde36cec232b1ccc97d71","boardName":"Trimegistus","boardCode":"23","status":true,"audit":[{"registeredBy":{"userId":"68afd6f7cec232b1ccc97cf0","userLogin":"Victorlyrio@garax.com"},"registrationDate":"quinta-feira, 28/08/2025, 01:42:30 BRT","_id":"68afde36cec232b1ccc97d72"}],"__v":0},{"_id":"68aff644cec232b1ccc97ed0","boardName":"lejafqyb","boardCode":"24","status":true,"audit":[{"registeredBy":{"userId":"685c78dff2e5bdf57706dac8","userLogin":"sysadmin@qacoders.com"},"registrationDate":"quinta-feira, 28/08/2025, 03:25:08 BRT","_id":"68aff644cec232b1ccc97ed1"}],"__v":0},{"_id":"68afff91cec232b1ccc97ed9","boardName":"nqgzwnwf","boardCode":"25","status":true,"audit":[{"registeredBy":{"userId":"685c78dff2e5bdf57706dac8","userLogin":"sysadmin@qacoders.com"},"registrationDate":"quinta-feira, 28/08/2025, 04:04:49 BRT","_id":"68afff91cec232b1ccc97eda"}],"__v":0},{"_id":"68b0004fcec232b1ccc97ee0","boardName":"qdrdcunk","boardCode":"26","status":true,"audit":[{"registeredBy":{"userId":"685c78dff2e5bdf57706dac8","userLogin":"sysadmin@qacoders.com"},"registrationDate":"quinta-feira, 28/08/2025, 04:07:59 BRT","_id":"68b0004fcec232b1ccc97ee1"}],"__v":0},{"_id":"68b00074cec232b1ccc97f0a","boardName":"docwiqke","boardCode":"27","status":true,"audit":[{"registeredBy":{"userId":"685c78dff2e5bdf57706dac8","userLogin":"sysadmin@qacoders.com"},"registrationDate":"quinta-feira, 28/08/2025, 04:08:36 BRT","_id":"68b00074cec232b1ccc97f0b"}],"__v":0},{"_id":"68b0018dcec232b1ccc97f2c","boardName":"mtovekoc","boardCode":"28","status":true,"audit":[{"registeredBy":{"userId":"685c78dff2e5bdf57706dac8","userLogin":"sysadmin@qacoders.com"},"registrationDate":"quinta-feira, 28/08/2025, 04:13:17 BRT","_id":"68b0018dcec232b1ccc97f2d"}],"__v":0},{"_id":"68b00235cec232b1ccc97f33","boardName":"lxzejzzh","boardCode":"29","status":true,"audit":[{"registeredBy":{"userId":"685c78dff2e5bdf57706dac8","userLogin":"sysadmin@qacoders.com"},"registrationDate":"quinta-feira, 28/08/2025, 04:16:05 BRT","_id":"68b00235cec232b1ccc97f34"}],"__v":0},{"_id":"68b002bacec232b1ccc97f6d","boardName":"nxvivcue","boardCode":"30","status":true,"audit":[{"registeredBy":{"userId":"685c78dff2e5bdf57706dac8","userLogin":"sysadmin@qacoders.com"},"registrationDate":"quinta-feira, 28/08/2025, 04:18:18 BRT","_id":"68b002bacec232b1ccc97f6e"}],"__v":0},{"_id":"68b00376cec232b1ccc97fa9","boardName":"gzpskyen","boardCode":"31","status":true,"audit":[{"registeredBy":{"userId":"685c78dff2e5bdf57706dac8","userLogin":"sysadmin@qacoders.com"},"registrationDate":"quinta-feira, 28/08/2025, 04:21:26 BRT","_id":"68b00376cec232b1ccc97faa"}],"__v":0},{"_id":"68b00388cec232b1ccc97fc1","boardName":"whvfmwih","boardCode":"32","status":true,"audit":[{"registeredBy":{"userId":"685c78dff2e5bdf57706dac8","userLogin":"sysadmin@qacoders.com"},"registrationDate":"quinta-feira, 28/08/2025, 04:21:44 BRT","_id":"68b00388cec232b1ccc97fc2"}],"__v":0},{"_id":"68b00392cec232b1ccc97fe3","boardName":"jdpywrrs","boardCode":"33","status":true,"audit":[{"registeredBy":{"userId":"685c78dff2e5bdf57706dac8","userLogin":"sysadmin@qacoders.com"},"regist... (set the log level to DEBUG or TRACE to see the full content) 
 </msg>
<msg time="2025-08-28T16:39:00.165085" level="INFO">C:\Users\evilh\AppData\Local\Programs\Python\Python313\Lib\site-packages\urllib3\connectionpool.py:1097: InsecureRequestWarning: Unverified HTTPS request is being made to host 'api-shogun.qacoders.dev.br'. Adding certificate verification is strongly advised. See: https://urllib3.readthedocs.io/en/latest/advanced-usage.html#tls-warnings
  warnings.warn(</msg>
<msg time="2025-08-28T16:39:00.165881" level="INFO">${response} = &lt;Response [200]&gt;</msg>
<var>${response}</var>
<arg>api</arg>
<arg>${BASE_URL}/api/board</arg>
<arg>headers=${headers}</arg>
<doc>Sends a GET request on a previously created HTTP Session.</doc>
<status status="PASS" start="2025-08-28T16:38:59.486657" elapsed="0.679308"/>
</kw>
<kw name="Should Be Equal As Integers" owner="BuiltIn">
<msg time="2025-08-28T16:39:00.167254" level="INFO">Argument types are:
&lt;class 'int'&gt;
&lt;class 'str'&gt;</msg>
<arg>${response.status_code}</arg>
<arg>200</arg>
<doc>Fails if objects are unequal after converting them to integers.</doc>
<status status="PASS" start="2025-08-28T16:39:00.166283" elapsed="0.001099"/>
</kw>
<kw name="Set Variable" owner="BuiltIn">
<msg time="2025-08-28T16:39:00.169889" level="INFO">${json} = [{'_id': '68a777adcec232b1ccc5f464', 'boardName': 'OperacoesGelica&amp;TIPGT', 'boardCode': '01', 'status': True, 'audit': [{'registeredBy': {'userId': '68a77237cec232b1ccc5f18f', 'userLogin': 'andre.alme...</msg>
<var>${json}</var>
<arg>${response.json()}</arg>
<doc>Returns the given values which can then be assigned to a variables.</doc>
<status status="PASS" start="2025-08-28T16:39:00.167628" elapsed="0.002333"/>
</kw>
<kw name="Should Not Be Empty" owner="BuiltIn">
<msg time="2025-08-28T16:39:00.170471" level="INFO">Length is 98.</msg>
<arg>${json}</arg>
<doc>Verifies that the given item is not empty.</doc>
<status status="PASS" start="2025-08-28T16:39:00.170207" elapsed="0.000289"/>
</kw>
<doc>Listar cadastros de diretorias com sucesso</doc>
<status status="PASS" start="2025-08-28T16:38:59.486039" elapsed="0.684493"/>
</kw>
<doc>Faz login, cadastra uma diretoria e lista com sucesso</doc>
<status status="PASS" start="2025-08-28T16:38:57.180299" elapsed="2.990509"/>
</test>
<status status="PASS" start="2025-08-28T16:38:56.888564" elapsed="3.283775"/>
</suite>
<suite id="s1-s1-s2" name="Post Board Test" source="C:\Documents\PROJETO\supernatural-academyt14-api-robot\tests\board\post_board_test.robot">
<test id="s1-s1-s2-t1" name="Cadastrar Diretoria com Sucesso" line="6">
<kw name="Login e Obter Token" owner="login">
<kw name="Create Dictionary" owner="BuiltIn">
<msg time="2025-08-28T16:39:00.181168" level="INFO">${headers} = {'accept': 'application/json', 'Content-Type': 'application/json'}</msg>
<var>${headers}</var>
<arg>accept=application/json</arg>
<arg>Content-Type=application/json</arg>
<doc>Creates and returns a dictionary based on the given ``items``.</doc>
<status status="PASS" start="2025-08-28T16:39:00.181038" elapsed="0.000156"/>
</kw>
<kw name="Create Session" owner="RequestsLibrary">
<msg time="2025-08-28T16:39:00.181470" level="INFO">Creating Session using : alias=supernatural, url=https://api-shogun.qacoders.dev.br, headers={'accept': 'application/json', 'Content-Type': 'application/json'},                     cookies={}, auth=None, timeout=None, proxies=None, verify=False,                     debug=0 </msg>
<arg>supernatural</arg>
<arg>${BASE_URL}</arg>
<arg>headers=${headers}</arg>
<arg>verify=${False}</arg>
<doc>Create Session: create a HTTP session to a server</doc>
<status status="PASS" start="2025-08-28T16:39:00.181273" elapsed="0.000526"/>
</kw>
<kw name="Create Dictionary" owner="BuiltIn">
<msg time="2025-08-28T16:39:00.182050" level="INFO">${body} = {'mail': 'sysadmin@qacoders.com', 'password': '1234@Test'}</msg>
<var>${body}</var>
<arg>mail=${ADMIN_EMAIL}</arg>
<arg>password=${ADMIN_PASSWORD}</arg>
<doc>Creates and returns a dictionary based on the given ``items``.</doc>
<status status="PASS" start="2025-08-28T16:39:00.181890" elapsed="0.000176"/>
</kw>
<kw name="POST On Session" owner="RequestsLibrary">
<msg time="2025-08-28T16:39:01.320055" level="INFO">POST Request : url=https://api-shogun.qacoders.dev.br/api/login/ 
 path_url=/api/login/ 
 headers={'User-Agent': 'python-requests/2.32.4', 'Accept-Encoding': 'gzip, deflate, zstd', 'accept': 'application/json', 'Connection': 'keep-alive', 'Content-Type': 'application/json', 'Content-Length': '58'} 
 body=b'{"mail": "sysadmin@qacoders.com", "password": "1234@Test"}' 
 </msg>
<msg time="2025-08-28T16:39:01.320224" level="INFO">POST Response : url=https://api-shogun.qacoders.dev.br/api/login/ 
 status=200, reason=OK 
 headers={'Access-Control-Allow-Origin': '*', 'Content-Length': '1334', 'Content-Type': 'application/json; charset=utf-8', 'Date': 'Thu, 28 Aug 2025 19:39:00 GMT', 'Etag': 'W/"536-eIkfT7qJJ1ABnKh7gIdDet03qTA"', 'X-Powered-By': 'Express'} 
 body={"msg":"Olá Qa-Coders-SYSADMIN, autenticação autorizada com sucesso!","user":{"_id":"685c78dff2e5bdf57706dac8","fullName":"Qa-Coders-SYSADMIN","mail":"sysadmin@qacoders.com","password":"$2b$10$VzNYgm3dBAO4W.Tld.1fV.cv809daCmrUcar.YbpQRYfm5hCTiQw6","accessProfile":"SYSADMIN","cpf":"11111111111","status":true,"audit":[{"registeredBy":{"userId":"111111111111111111","userLogin":"sysadmin@qacoders.com"},"registrationDate":"quarta-feira, 25/06/2025, 19:31:58 BRT","registrationNumber":"01","companyId":"Qa.Coders","_id":"685c78dff2e5bdf57706dac9"}],"__v":0},"token":"eyJhbGciOiJIUzI1NiIsInR5cCI6IkpXVCJ9.eyJfaWQiOiI2ODVjNzhkZmYyZTViZGY1NzcwNmRhYzgiLCJmdWxsTmFtZSI6IlFhLUNvZGVycy1TWVNBRE1JTiIsIm1haWwiOiJzeXNhZG1pbkBxYWNvZGVycy5jb20iLCJwYXNzd29yZCI6IiQyYiQxMCRWek5ZZ20zZEJBTzRXLlRsZC4xZlYuY3Y4MDlkYUNtclVjYXIuWWJwUVJZZm01aENUaVF3NiIsImFjY2Vzc1Byb2ZpbGUiOiJTWVNBRE1JTiIsImNwZiI6IjExMTExMTExMTExIiwic3RhdHVzIjp0cnVlLCJhdWRpdCI6W3sicmVnaXN0ZXJlZEJ5Ijp7InVzZXJJZCI6IjExMTExMTExMTExMTExMTExMSIsInVzZXJMb2dpbiI6InN5c2FkbWluQHFhY29kZXJzLmNvbSJ9LCJyZWdpc3RyYXRpb25EYXRlIjoicXVhcnRhLWZlaXJhLCAyNS8wNi8yMDI1LCAxOTozMTo1OCBCUlQiLCJyZWdpc3RyYXRpb25OdW1iZXIiOiIwMSIsImNvbXBhbnlJZCI6IlFhLkNvZGVycyIsIl9pZCI6IjY4NWM3OGRmZjJlNWJkZjU3NzA2ZGFjOSJ9XSwiX192IjowLCJpYXQiOjE3NTY0MDk5NDAsImV4cCI6MTc1NjQ5NjM0MH0.6OYXT5vi1FfwHJh8sTcpAXNKxq-viLe0DYLPfyeRDYg"} 
 </msg>
<msg time="2025-08-28T16:39:01.320377" level="INFO">C:\Users\evilh\AppData\Local\Programs\Python\Python313\Lib\site-packages\urllib3\connectionpool.py:1097: InsecureRequestWarning: Unverified HTTPS request is being made to host 'api-shogun.qacoders.dev.br'. Adding certificate verification is strongly advised. See: https://urllib3.readthedocs.io/en/latest/advanced-usage.html#tls-warnings
  warnings.warn(</msg>
<msg time="2025-08-28T16:39:01.321169" level="INFO">${response} = &lt;Response [200]&gt;</msg>
<var>${response}</var>
<arg>supernatural</arg>
<arg>/api/login/</arg>
<arg>json=${body}</arg>
<doc>Sends a POST request on a previously created HTTP Session.</doc>
<status status="PASS" start="2025-08-28T16:39:00.182133" elapsed="1.139121"/>
</kw>
<kw name="Should Be Equal As Integers" owner="BuiltIn">
<msg time="2025-08-28T16:39:01.322566" level="INFO">Argument types are:
&lt;class 'int'&gt;
&lt;class 'str'&gt;</msg>
<arg>${response.status_code}</arg>
<arg>200</arg>
<doc>Fails if objects are unequal after converting them to integers.</doc>
<status status="PASS" start="2025-08-28T16:39:01.321568" elapsed="0.001130"/>
</kw>
<kw name="Set Variable" owner="BuiltIn">
<msg time="2025-08-28T16:39:01.324079" level="INFO">${json} = {'msg': 'Olá Qa-Coders-SYSADMIN, autenticação autorizada com sucesso!', 'user': {'_id': '685c78dff2e5bdf57706dac8', 'fullName': 'Qa-Coders-SYSADMIN', 'mail': 'sysadmin@qacoders.com', 'password': '$2b$...</msg>
<var>${json}</var>
<arg>${response.json()}</arg>
<doc>Returns the given values which can then be assigned to a variables.</doc>
<status status="PASS" start="2025-08-28T16:39:01.322938" elapsed="0.001209"/>
</kw>
<kw name="Set Variable" owner="BuiltIn">
<msg time="2025-08-28T16:39:01.325467" level="INFO">${token} = eyJhbGciOiJIUzI1NiIsInR5cCI6IkpXVCJ9.eyJfaWQiOiI2ODVjNzhkZmYyZTViZGY1NzcwNmRhYzgiLCJmdWxsTmFtZSI6IlFhLUNvZGVycy1TWVNBRE1JTiIsIm1haWwiOiJzeXNhZG1pbkBxYWNvZGVycy5jb20iLCJwYXNzd29yZCI6IiQyYiQxMCRWek5ZZ20...</msg>
<var>${token}</var>
<arg>${json['token']}</arg>
<doc>Returns the given values which can then be assigned to a variables.</doc>
<status status="PASS" start="2025-08-28T16:39:01.324384" elapsed="0.001331"/>
</kw>
<kw name="Set Suite Variable" owner="BuiltIn">
<msg time="2025-08-28T16:39:01.326422" level="INFO">${TOKEN} = eyJhbGciOiJIUzI1NiIsInR5cCI6IkpXVCJ9.eyJfaWQiOiI2ODVjNzhkZmYyZTViZGY1NzcwNmRhYzgiLCJmdWxsTmFtZSI6IlFhLUNvZGVycy1TWVNBRE1JTiIsIm1haWwiOiJzeXNhZG1pbkBxYWNvZGVycy5jb20iLCJwYXNzd29yZCI6IiQyYiQxMCRWek5ZZ20...</msg>
<arg>${TOKEN}</arg>
<arg>${token}</arg>
<doc>Makes a variable available everywhere within the scope of the current suite.</doc>
<status status="PASS" start="2025-08-28T16:39:01.325989" elapsed="0.000571"/>
</kw>
<doc>Faz login e armazena o token para uso em outros testes</doc>
<status status="PASS" start="2025-08-28T16:39:00.180825" elapsed="1.145897"/>
</kw>
<kw name="Gerar Nome Diretoria" owner="board">
<kw name="Generate Random String" owner="String">
<msg time="2025-08-28T16:39:01.327517" level="INFO">${palavra_randomica} = jsVweTiTW</msg>
<var>${palavra_randomica}</var>
<arg>length=9</arg>
<arg>chars=[LETTERS]</arg>
<doc>Generates a string with a desired ``length`` from the given ``chars``.</doc>
<status status="PASS" start="2025-08-28T16:39:01.327357" elapsed="0.000177"/>
</kw>
<kw name="Convert To Lower Case" owner="String">
<msg time="2025-08-28T16:39:01.327681" level="INFO">${palavra_randomica} = bjsvwetitw</msg>
<var>${palavra_randomica}</var>
<arg>B${palavra_randomica}</arg>
<doc>Converts string to lower case.</doc>
<status status="PASS" start="2025-08-28T16:39:01.327595" elapsed="0.000100"/>
</kw>
<kw name="Set Test Variable" owner="BuiltIn">
<msg time="2025-08-28T16:39:01.327850" level="INFO">${BOARD_NAME} = bjsvwetitw</msg>
<arg>${BOARD_NAME}</arg>
<arg>${palavra_randomica}</arg>
<doc>Makes a variable available everywhere within the scope of the current test.</doc>
<status status="PASS" start="2025-08-28T16:39:01.327755" elapsed="0.000116"/>
</kw>
<kw name="Log" owner="BuiltIn">
<msg time="2025-08-28T16:39:01.327986" level="INFO">bjsvwetitw</msg>
<arg>${BOARD_NAME}</arg>
<doc>Logs the given message with the given level.</doc>
<status status="PASS" start="2025-08-28T16:39:01.327928" elapsed="0.000080"/>
</kw>
<status status="PASS" start="2025-08-28T16:39:01.327209" elapsed="0.000828"/>
</kw>
<kw name="Cadastrar Diretoria" owner="board">
<kw name="Create Dictionary" owner="BuiltIn">
<msg time="2025-08-28T16:39:01.328629" level="INFO">${headers} = {'Content-Type': 'application/json', 'Authorization': 'eyJhbGciOiJIUzI1NiIsInR5cCI6IkpXVCJ9.eyJfaWQiOiI2ODVjNzhkZmYyZTViZGY1NzcwNmRhYzgiLCJmdWxsTmFtZSI6IlFhLUNvZGVycy1TWVNBRE1JTiIsIm1haWwiOiJzeXNhZG1p...</msg>
<var>${headers}</var>
<arg>Content-Type=application/json</arg>
<arg>Authorization=${TOKEN}</arg>
<doc>Creates and returns a dictionary based on the given ``items``.</doc>
<status status="PASS" start="2025-08-28T16:39:01.328498" elapsed="0.000148"/>
</kw>
<kw name="Create Dictionary" owner="BuiltIn">
<msg time="2025-08-28T16:39:01.328811" level="INFO">${body} = {'boardName': 'bjsvwetitw'}</msg>
<var>${body}</var>
<arg>boardName=${BOARD_NAME}</arg>
<doc>Creates and returns a dictionary based on the given ``items``.</doc>
<status status="PASS" start="2025-08-28T16:39:01.328707" elapsed="0.000121"/>
</kw>
<kw name="POST On Session" owner="RequestsLibrary">
<msg time="2025-08-28T16:39:01.481186" level="INFO">POST Request : url=https://api-shogun.qacoders.dev.br/api/board 
 path_url=/api/board 
 headers={'User-Agent': 'python-requests/2.32.4', 'Accept-Encoding': 'gzip, deflate, zstd', 'accept': 'application/json', 'Connection': 'keep-alive', 'Content-Type': 'application/json', 'Authorization': 'eyJhbGciOiJIUzI1NiIsInR5cCI6IkpXVCJ9.eyJfaWQiOiI2ODVjNzhkZmYyZTViZGY1NzcwNmRhYzgiLCJmdWxsTmFtZSI6IlFhLUNvZGVycy1TWVNBRE1JTiIsIm1haWwiOiJzeXNhZG1pbkBxYWNvZGVycy5jb20iLCJwYXNzd29yZCI6IiQyYiQxMCRWek5ZZ20zZEJBTzRXLlRsZC4xZlYuY3Y4MDlkYUNtclVjYXIuWWJwUVJZZm01aENUaVF3NiIsImFjY2Vzc1Byb2ZpbGUiOiJTWVNBRE1JTiIsImNwZiI6IjExMTExMTExMTExIiwic3RhdHVzIjp0cnVlLCJhdWRpdCI6W3sicmVnaXN0ZXJlZEJ5Ijp7InVzZXJJZCI6IjExMTExMTExMTExMTExMTExMSIsInVzZXJMb2dpbiI6InN5c2FkbWluQHFhY29kZXJzLmNvbSJ9LCJyZWdpc3RyYXRpb25EYXRlIjoicXVhcnRhLWZlaXJhLCAyNS8wNi8yMDI1LCAxOTozMTo1OCBCUlQiLCJyZWdpc3RyYXRpb25OdW1iZXIiOiIwMSIsImNvbXBhbnlJZCI6IlFhLkNvZGVycyIsIl9pZCI6IjY4NWM3OGRmZjJlNWJkZjU3NzA2ZGFjOSJ9XSwiX192IjowLCJpYXQiOjE3NTY0MDk5NDAsImV4cCI6MTc1NjQ5NjM0MH0.6OYXT5vi1FfwHJh8sTcpAXNKxq-viLe0DYLPfyeRDYg', 'Content-Length': '27'} 
 body=b'{"boardName": "bjsvwetitw"}' 
 </msg>
<msg time="2025-08-28T16:39:01.481359" level="INFO">POST Response : url=https://api-shogun.qacoders.dev.br/api/board 
 status=201, reason=Created 
 headers={'Access-Control-Allow-Origin': '*', 'Content-Length': '345', 'Content-Type': 'application/json; charset=utf-8', 'Date': 'Thu, 28 Aug 2025 19:39:00 GMT', 'Etag': 'W/"159-xb/esMnGgCQ5BA4wj2FVWXxzMVQ"', 'X-Powered-By': 'Express'} 
 body={"msg":"Cadastro realizado com sucesso!","newBoard":{"boardName":"bjsvwetitw","boardCode":"99","status":true,"audit":[{"registrationDate":"quinta-feira, 28/08/2025, 16:39:00 BRT","registeredBy":{"userId":"685c78dff2e5bdf57706dac8","userLogin":"sysadmin@qacoders.com"},"_id":"68b0b054cec232b1ccc98f65"}],"_id":"68b0b054cec232b1ccc98f64","__v":0}} 
 </msg>
<msg time="2025-08-28T16:39:01.481483" level="INFO">C:\Users\evilh\AppData\Local\Programs\Python\Python313\Lib\site-packages\urllib3\connectionpool.py:1097: InsecureRequestWarning: Unverified HTTPS request is being made to host 'api-shogun.qacoders.dev.br'. Adding certificate verification is strongly advised. See: https://urllib3.readthedocs.io/en/latest/advanced-usage.html#tls-warnings
  warnings.warn(</msg>
<msg time="2025-08-28T16:39:01.482303" level="INFO">${response} = &lt;Response [201]&gt;</msg>
<var>${response}</var>
<arg>supernatural</arg>
<arg>/api/board</arg>
<arg>json=${body}</arg>
<arg>headers=${headers}</arg>
<doc>Sends a POST request on a previously created HTTP Session.</doc>
<status status="PASS" start="2025-08-28T16:39:01.328882" elapsed="0.153505"/>
</kw>
<kw name="Should Be Equal As Integers" owner="BuiltIn">
<msg time="2025-08-28T16:39:01.483686" level="INFO">Argument types are:
&lt;class 'int'&gt;
&lt;class 'str'&gt;</msg>
<arg>${response.status_code}</arg>
<arg>201</arg>
<doc>Fails if objects are unequal after converting them to integers.</doc>
<status status="PASS" start="2025-08-28T16:39:01.482700" elapsed="0.001120"/>
</kw>
<kw name="Set Variable" owner="BuiltIn">
<msg time="2025-08-28T16:39:01.485050" level="INFO">${json} = {'msg': 'Cadastro realizado com sucesso!', 'newBoard': {'boardName': 'bjsvwetitw', 'boardCode': '99', 'status': True, 'audit': [{'registrationDate': 'quinta-feira, 28/08/2025, 16:39:00 BRT', 'register...</msg>
<var>${json}</var>
<arg>${response.json()}</arg>
<doc>Returns the given values which can then be assigned to a variables.</doc>
<status status="PASS" start="2025-08-28T16:39:01.484058" elapsed="0.001054"/>
</kw>
<kw name="Set Variable" owner="BuiltIn">
<msg time="2025-08-28T16:39:01.486226" level="INFO">${board_id} = 68b0b054cec232b1ccc98f64</msg>
<var>${board_id}</var>
<arg>${json['newBoard']['_id']}</arg>
<doc>Returns the given values which can then be assigned to a variables.</doc>
<status status="PASS" start="2025-08-28T16:39:01.485336" elapsed="0.000947"/>
</kw>
<kw name="Set Suite Variable" owner="BuiltIn">
<msg time="2025-08-28T16:39:01.486834" level="INFO">${BOARD_ID} = 68b0b054cec232b1ccc98f64</msg>
<arg>${BOARD_ID}</arg>
<arg>${board_id}</arg>
<doc>Makes a variable available everywhere within the scope of the current suite.</doc>
<status status="PASS" start="2025-08-28T16:39:01.486524" elapsed="0.000332"/>
</kw>
<tag>board</tag>
<doc>Cadastra uma diretoria com nome dinâmico</doc>
<status status="PASS" start="2025-08-28T16:39:01.328351" elapsed="0.158539"/>
</kw>
<status status="PASS" start="2025-08-28T16:39:00.180280" elapsed="1.306871"/>
</test>
<test id="s1-s1-s2-t2" name="Cadastrar Diretoria sem Bordname" line="13">
<kw name="Login e Obter Token" owner="login">
<kw name="Create Dictionary" owner="BuiltIn">
<msg time="2025-08-28T16:39:01.488586" level="INFO">${headers} = {'accept': 'application/json', 'Content-Type': 'application/json'}</msg>
<var>${headers}</var>
<arg>accept=application/json</arg>
<arg>Content-Type=application/json</arg>
<doc>Creates and returns a dictionary based on the given ``items``.</doc>
<status status="PASS" start="2025-08-28T16:39:01.488434" elapsed="0.000204"/>
</kw>
<kw name="Create Session" owner="RequestsLibrary">
<msg time="2025-08-28T16:39:01.488964" level="INFO">Creating Session using : alias=supernatural, url=https://api-shogun.qacoders.dev.br, headers={'accept': 'application/json', 'Content-Type': 'application/json'},                     cookies={}, auth=None, timeout=None, proxies=None, verify=False,                     debug=0 </msg>
<arg>supernatural</arg>
<arg>${BASE_URL}</arg>
<arg>headers=${headers}</arg>
<arg>verify=${False}</arg>
<doc>Create Session: create a HTTP session to a server</doc>
<status status="PASS" start="2025-08-28T16:39:01.488760" elapsed="0.000326"/>
</kw>
<kw name="Create Dictionary" owner="BuiltIn">
<msg time="2025-08-28T16:39:01.489414" level="INFO">${body} = {'mail': 'sysadmin@qacoders.com', 'password': '1234@Test'}</msg>
<var>${body}</var>
<arg>mail=${ADMIN_EMAIL}</arg>
<arg>password=${ADMIN_PASSWORD}</arg>
<doc>Creates and returns a dictionary based on the given ``items``.</doc>
<status status="PASS" start="2025-08-28T16:39:01.489167" elapsed="0.000273"/>
</kw>
<kw name="POST On Session" owner="RequestsLibrary">
<msg time="2025-08-28T16:39:02.623373" level="INFO">POST Request : url=https://api-shogun.qacoders.dev.br/api/login/ 
 path_url=/api/login/ 
 headers={'User-Agent': 'python-requests/2.32.4', 'Accept-Encoding': 'gzip, deflate, zstd', 'accept': 'application/json', 'Connection': 'keep-alive', 'Content-Type': 'application/json', 'Content-Length': '58'} 
 body=b'{"mail": "sysadmin@qacoders.com", "password": "1234@Test"}' 
 </msg>
<msg time="2025-08-28T16:39:02.623540" level="INFO">POST Response : url=https://api-shogun.qacoders.dev.br/api/login/ 
 status=200, reason=OK 
 headers={'Access-Control-Allow-Origin': '*', 'Content-Length': '1334', 'Content-Type': 'application/json; charset=utf-8', 'Date': 'Thu, 28 Aug 2025 19:39:00 GMT', 'Etag': 'W/"536-j1tZI/AXIj/FUOdvqZcr557MlxI"', 'X-Powered-By': 'Express'} 
 body={"msg":"Olá Qa-Coders-SYSADMIN, autenticação autorizada com sucesso!","user":{"_id":"685c78dff2e5bdf57706dac8","fullName":"Qa-Coders-SYSADMIN","mail":"sysadmin@qacoders.com","password":"$2b$10$VzNYgm3dBAO4W.Tld.1fV.cv809daCmrUcar.YbpQRYfm5hCTiQw6","accessProfile":"SYSADMIN","cpf":"11111111111","status":true,"audit":[{"registeredBy":{"userId":"111111111111111111","userLogin":"sysadmin@qacoders.com"},"registrationDate":"quarta-feira, 25/06/2025, 19:31:58 BRT","registrationNumber":"01","companyId":"Qa.Coders","_id":"685c78dff2e5bdf57706dac9"}],"__v":0},"token":"eyJhbGciOiJIUzI1NiIsInR5cCI6IkpXVCJ9.eyJfaWQiOiI2ODVjNzhkZmYyZTViZGY1NzcwNmRhYzgiLCJmdWxsTmFtZSI6IlFhLUNvZGVycy1TWVNBRE1JTiIsIm1haWwiOiJzeXNhZG1pbkBxYWNvZGVycy5jb20iLCJwYXNzd29yZCI6IiQyYiQxMCRWek5ZZ20zZEJBTzRXLlRsZC4xZlYuY3Y4MDlkYUNtclVjYXIuWWJwUVJZZm01aENUaVF3NiIsImFjY2Vzc1Byb2ZpbGUiOiJTWVNBRE1JTiIsImNwZiI6IjExMTExMTExMTExIiwic3RhdHVzIjp0cnVlLCJhdWRpdCI6W3sicmVnaXN0ZXJlZEJ5Ijp7InVzZXJJZCI6IjExMTExMTExMTExMTExMTExMSIsInVzZXJMb2dpbiI6InN5c2FkbWluQHFhY29kZXJzLmNvbSJ9LCJyZWdpc3RyYXRpb25EYXRlIjoicXVhcnRhLWZlaXJhLCAyNS8wNi8yMDI1LCAxOTozMTo1OCBCUlQiLCJyZWdpc3RyYXRpb25OdW1iZXIiOiIwMSIsImNvbXBhbnlJZCI6IlFhLkNvZGVycyIsIl9pZCI6IjY4NWM3OGRmZjJlNWJkZjU3NzA2ZGFjOSJ9XSwiX192IjowLCJpYXQiOjE3NTY0MDk5NDEsImV4cCI6MTc1NjQ5NjM0MX0.A8T2rXoAnGpvZ-fcKitAL37tTr1esRtC-zl5g2ZGbBw"} 
 </msg>
<msg time="2025-08-28T16:39:02.623693" level="INFO">C:\Users\evilh\AppData\Local\Programs\Python\Python313\Lib\site-packages\urllib3\connectionpool.py:1097: InsecureRequestWarning: Unverified HTTPS request is being made to host 'api-shogun.qacoders.dev.br'. Adding certificate verification is strongly advised. See: https://urllib3.readthedocs.io/en/latest/advanced-usage.html#tls-warnings
  warnings.warn(</msg>
<msg time="2025-08-28T16:39:02.624499" level="INFO">${response} = &lt;Response [200]&gt;</msg>
<var>${response}</var>
<arg>supernatural</arg>
<arg>/api/login/</arg>
<arg>json=${body}</arg>
<doc>Sends a POST request on a previously created HTTP Session.</doc>
<status status="PASS" start="2025-08-28T16:39:01.489538" elapsed="1.135045"/>
</kw>
<kw name="Should Be Equal As Integers" owner="BuiltIn">
<msg time="2025-08-28T16:39:02.625855" level="INFO">Argument types are:
&lt;class 'int'&gt;
&lt;class 'str'&gt;</msg>
<arg>${response.status_code}</arg>
<arg>200</arg>
<doc>Fails if objects are unequal after converting them to integers.</doc>
<status status="PASS" start="2025-08-28T16:39:02.624891" elapsed="0.001095"/>
</kw>
<kw name="Set Variable" owner="BuiltIn">
<msg time="2025-08-28T16:39:02.627255" level="INFO">${json} = {'msg': 'Olá Qa-Coders-SYSADMIN, autenticação autorizada com sucesso!', 'user': {'_id': '685c78dff2e5bdf57706dac8', 'fullName': 'Qa-Coders-SYSADMIN', 'mail': 'sysadmin@qacoders.com', 'password': '$2b$...</msg>
<var>${json}</var>
<arg>${response.json()}</arg>
<doc>Returns the given values which can then be assigned to a variables.</doc>
<status status="PASS" start="2025-08-28T16:39:02.626226" elapsed="0.001094"/>
</kw>
<kw name="Set Variable" owner="BuiltIn">
<msg time="2025-08-28T16:39:02.628469" level="INFO">${token} = eyJhbGciOiJIUzI1NiIsInR5cCI6IkpXVCJ9.eyJfaWQiOiI2ODVjNzhkZmYyZTViZGY1NzcwNmRhYzgiLCJmdWxsTmFtZSI6IlFhLUNvZGVycy1TWVNBRE1JTiIsIm1haWwiOiJzeXNhZG1pbkBxYWNvZGVycy5jb20iLCJwYXNzd29yZCI6IiQyYiQxMCRWek5ZZ20...</msg>
<var>${token}</var>
<arg>${json['token']}</arg>
<doc>Returns the given values which can then be assigned to a variables.</doc>
<status status="PASS" start="2025-08-28T16:39:02.627552" elapsed="0.000979"/>
</kw>
<kw name="Set Suite Variable" owner="BuiltIn">
<msg time="2025-08-28T16:39:02.629137" level="INFO">${TOKEN} = eyJhbGciOiJIUzI1NiIsInR5cCI6IkpXVCJ9.eyJfaWQiOiI2ODVjNzhkZmYyZTViZGY1NzcwNmRhYzgiLCJmdWxsTmFtZSI6IlFhLUNvZGVycy1TWVNBRE1JTiIsIm1haWwiOiJzeXNhZG1pbkBxYWNvZGVycy5jb20iLCJwYXNzd29yZCI6IiQyYiQxMCRWek5ZZ20...</msg>
<arg>${TOKEN}</arg>
<arg>${token}</arg>
<doc>Makes a variable available everywhere within the scope of the current suite.</doc>
<status status="PASS" start="2025-08-28T16:39:02.628774" elapsed="0.000448"/>
</kw>
<doc>Faz login e armazena o token para uso em outros testes</doc>
<status status="PASS" start="2025-08-28T16:39:01.488223" elapsed="1.141133"/>
</kw>
<kw name="Cadastrar Diretoria sem bordname" owner="board">
<kw name="Create Dictionary" owner="BuiltIn">
<msg time="2025-08-28T16:39:02.630022" level="INFO">${headers} = {'Content-Type': 'application/json', 'Authorization': 'eyJhbGciOiJIUzI1NiIsInR5cCI6IkpXVCJ9.eyJfaWQiOiI2ODVjNzhkZmYyZTViZGY1NzcwNmRhYzgiLCJmdWxsTmFtZSI6IlFhLUNvZGVycy1TWVNBRE1JTiIsIm1haWwiOiJzeXNhZG1p...</msg>
<var>${headers}</var>
<arg>Content-Type=application/json</arg>
<arg>Authorization=${TOKEN}</arg>
<doc>Creates and returns a dictionary based on the given ``items``.</doc>
<status status="PASS" start="2025-08-28T16:39:02.629896" elapsed="0.000143"/>
</kw>
<kw name="Create Dictionary" owner="BuiltIn">
<msg time="2025-08-28T16:39:02.630180" level="INFO">${body} = {'boardName': ''}</msg>
<var>${body}</var>
<arg>boardName=</arg>
<doc>Creates and returns a dictionary based on the given ``items``.</doc>
<status status="PASS" start="2025-08-28T16:39:02.630101" elapsed="0.000093"/>
</kw>
<kw name="POST On Session" owner="RequestsLibrary">
<msg time="2025-08-28T16:39:02.773040" level="INFO">POST Request : url=https://api-shogun.qacoders.dev.br/api/board 
 path_url=/api/board 
 headers={'User-Agent': 'python-requests/2.32.4', 'Accept-Encoding': 'gzip, deflate, zstd', 'accept': 'application/json', 'Connection': 'keep-alive', 'Content-Type': 'application/json', 'Authorization': 'eyJhbGciOiJIUzI1NiIsInR5cCI6IkpXVCJ9.eyJfaWQiOiI2ODVjNzhkZmYyZTViZGY1NzcwNmRhYzgiLCJmdWxsTmFtZSI6IlFhLUNvZGVycy1TWVNBRE1JTiIsIm1haWwiOiJzeXNhZG1pbkBxYWNvZGVycy5jb20iLCJwYXNzd29yZCI6IiQyYiQxMCRWek5ZZ20zZEJBTzRXLlRsZC4xZlYuY3Y4MDlkYUNtclVjYXIuWWJwUVJZZm01aENUaVF3NiIsImFjY2Vzc1Byb2ZpbGUiOiJTWVNBRE1JTiIsImNwZiI6IjExMTExMTExMTExIiwic3RhdHVzIjp0cnVlLCJhdWRpdCI6W3sicmVnaXN0ZXJlZEJ5Ijp7InVzZXJJZCI6IjExMTExMTExMTExMTExMTExMSIsInVzZXJMb2dpbiI6InN5c2FkbWluQHFhY29kZXJzLmNvbSJ9LCJyZWdpc3RyYXRpb25EYXRlIjoicXVhcnRhLWZlaXJhLCAyNS8wNi8yMDI1LCAxOTozMTo1OCBCUlQiLCJyZWdpc3RyYXRpb25OdW1iZXIiOiIwMSIsImNvbXBhbnlJZCI6IlFhLkNvZGVycyIsIl9pZCI6IjY4NWM3OGRmZjJlNWJkZjU3NzA2ZGFjOSJ9XSwiX192IjowLCJpYXQiOjE3NTY0MDk5NDEsImV4cCI6MTc1NjQ5NjM0MX0.A8T2rXoAnGpvZ-fcKitAL37tTr1esRtC-zl5g2ZGbBw', 'Content-Length': '17'} 
 body=b'{"boardName": ""}' 
 </msg>
<msg time="2025-08-28T16:39:02.773441" level="INFO">POST Response : url=https://api-shogun.qacoders.dev.br/api/board 
 status=400, reason=Bad Request 
 headers={'Access-Control-Allow-Origin': '*', 'Content-Length': '50', 'Content-Type': 'application/json; charset=utf-8', 'Date': 'Thu, 28 Aug 2025 19:39:01 GMT', 'Etag': 'W/"32-+CwHCnr2cCygkjBKgpOJ2v10f8g"', 'X-Powered-By': 'Express'} 
 body={"error":["O campo 'diretoria' é obrigatório."]} 
 </msg>
<msg time="2025-08-28T16:39:02.773628" level="INFO">C:\Users\evilh\AppData\Local\Programs\Python\Python313\Lib\site-packages\urllib3\connectionpool.py:1097: InsecureRequestWarning: Unverified HTTPS request is being made to host 'api-shogun.qacoders.dev.br'. Adding certificate verification is strongly advised. See: https://urllib3.readthedocs.io/en/latest/advanced-usage.html#tls-warnings
  warnings.warn(</msg>
<msg time="2025-08-28T16:39:02.774475" level="INFO">${response} = &lt;Response [400]&gt;</msg>
<var>${response}</var>
<arg>supernatural</arg>
<arg>/api/board</arg>
<arg>json=${body}</arg>
<arg>headers=${headers}</arg>
<arg>expected_status=400</arg>
<doc>Sends a POST request on a previously created HTTP Session.</doc>
<status status="PASS" start="2025-08-28T16:39:02.630250" elapsed="0.144312"/>
</kw>
<kw name="To Json" owner="RequestsLibrary">
<msg time="2025-08-28T16:39:02.774949" level="WARN">Keyword 'RequestsLibrary.To Json' is deprecated. Please use ${resp.json()} instead. Have a look at the improved HTML output as pretty printing replacement.</msg>
<msg time="2025-08-28T16:39:02.777089" level="INFO">To JSON using : content={"error":["O campo 'diretoria' é obrigatório."]} </msg>
<msg time="2025-08-28T16:39:02.777169" level="INFO">To JSON using : pretty_print=False </msg>
<msg time="2025-08-28T16:39:02.777350" level="INFO">${json} = {'error': ["O campo 'diretoria' é obrigatório."]}</msg>
<var>${json}</var>
<arg>${response.content}</arg>
<doc>*DEPRECATED* Please use ${resp.json()} instead. Have a look at the improved HTML output as pretty printing replacement.</doc>
<status status="PASS" start="2025-08-28T16:39:02.774881" elapsed="0.002525"/>
</kw>
<kw name="Should Be Equal As Strings" owner="BuiltIn">
<msg time="2025-08-28T16:39:02.778584" level="INFO">Argument types are:
&lt;class 'list'&gt;
&lt;class 'str'&gt;</msg>
<arg>${json['error']}</arg>
<arg>["O campo 'diretoria' é obrigatório."]</arg>
<doc>Fails if objects are unequal after converting them to strings.</doc>
<status status="PASS" start="2025-08-28T16:39:02.777659" elapsed="0.001046"/>
</kw>
<doc>teste de cadastro de diretoria sem bordname</doc>
<status status="PASS" start="2025-08-28T16:39:02.629753" elapsed="0.149095"/>
</kw>
<status status="PASS" start="2025-08-28T16:39:01.487855" elapsed="1.291628"/>
</test>
<test id="s1-s1-s2-t3" name="Cadastrar Diretoria com Caracteres Inválidos" line="20">
<kw name="Login e Obter Token" owner="login">
<kw name="Create Dictionary" owner="BuiltIn">
<msg time="2025-08-28T16:39:02.784394" level="INFO">${headers} = {'accept': 'application/json', 'Content-Type': 'application/json'}</msg>
<var>${headers}</var>
<arg>accept=application/json</arg>
<arg>Content-Type=application/json</arg>
<doc>Creates and returns a dictionary based on the given ``items``.</doc>
<status status="PASS" start="2025-08-28T16:39:02.784056" elapsed="0.000398"/>
</kw>
<kw name="Create Session" owner="RequestsLibrary">
<msg time="2025-08-28T16:39:02.785106" level="INFO">Creating Session using : alias=supernatural, url=https://api-shogun.qacoders.dev.br, headers={'accept': 'application/json', 'Content-Type': 'application/json'},                     cookies={}, auth=None, timeout=None, proxies=None, verify=False,                     debug=0 </msg>
<arg>supernatural</arg>
<arg>${BASE_URL}</arg>
<arg>headers=${headers}</arg>
<arg>verify=${False}</arg>
<doc>Create Session: create a HTTP session to a server</doc>
<status status="PASS" start="2025-08-28T16:39:02.784657" elapsed="0.000611"/>
</kw>
<kw name="Create Dictionary" owner="BuiltIn">
<msg time="2025-08-28T16:39:02.785672" level="INFO">${body} = {'mail': 'sysadmin@qacoders.com', 'password': '1234@Test'}</msg>
<var>${body}</var>
<arg>mail=${ADMIN_EMAIL}</arg>
<arg>password=${ADMIN_PASSWORD}</arg>
<doc>Creates and returns a dictionary based on the given ``items``.</doc>
<status status="PASS" start="2025-08-28T16:39:02.785398" elapsed="0.000312"/>
</kw>
<kw name="POST On Session" owner="RequestsLibrary">
<msg time="2025-08-28T16:39:03.921244" level="INFO">POST Request : url=https://api-shogun.qacoders.dev.br/api/login/ 
 path_url=/api/login/ 
 headers={'User-Agent': 'python-requests/2.32.4', 'Accept-Encoding': 'gzip, deflate, zstd', 'accept': 'application/json', 'Connection': 'keep-alive', 'Content-Type': 'application/json', 'Content-Length': '58'} 
 body=b'{"mail": "sysadmin@qacoders.com", "password": "1234@Test"}' 
 </msg>
<msg time="2025-08-28T16:39:03.921413" level="INFO">POST Response : url=https://api-shogun.qacoders.dev.br/api/login/ 
 status=200, reason=OK 
 headers={'Access-Control-Allow-Origin': '*', 'Content-Length': '1334', 'Content-Type': 'application/json; charset=utf-8', 'Date': 'Thu, 28 Aug 2025 19:39:02 GMT', 'Etag': 'W/"536-K8vRS1ThlOPR6LGMKVnpVfuwQbE"', 'X-Powered-By': 'Express'} 
 body={"msg":"Olá Qa-Coders-SYSADMIN, autenticação autorizada com sucesso!","user":{"_id":"685c78dff2e5bdf57706dac8","fullName":"Qa-Coders-SYSADMIN","mail":"sysadmin@qacoders.com","password":"$2b$10$VzNYgm3dBAO4W.Tld.1fV.cv809daCmrUcar.YbpQRYfm5hCTiQw6","accessProfile":"SYSADMIN","cpf":"11111111111","status":true,"audit":[{"registeredBy":{"userId":"111111111111111111","userLogin":"sysadmin@qacoders.com"},"registrationDate":"quarta-feira, 25/06/2025, 19:31:58 BRT","registrationNumber":"01","companyId":"Qa.Coders","_id":"685c78dff2e5bdf57706dac9"}],"__v":0},"token":"eyJhbGciOiJIUzI1NiIsInR5cCI6IkpXVCJ9.eyJfaWQiOiI2ODVjNzhkZmYyZTViZGY1NzcwNmRhYzgiLCJmdWxsTmFtZSI6IlFhLUNvZGVycy1TWVNBRE1JTiIsIm1haWwiOiJzeXNhZG1pbkBxYWNvZGVycy5jb20iLCJwYXNzd29yZCI6IiQyYiQxMCRWek5ZZ20zZEJBTzRXLlRsZC4xZlYuY3Y4MDlkYUNtclVjYXIuWWJwUVJZZm01aENUaVF3NiIsImFjY2Vzc1Byb2ZpbGUiOiJTWVNBRE1JTiIsImNwZiI6IjExMTExMTExMTExIiwic3RhdHVzIjp0cnVlLCJhdWRpdCI6W3sicmVnaXN0ZXJlZEJ5Ijp7InVzZXJJZCI6IjExMTExMTExMTExMTExMTExMSIsInVzZXJMb2dpbiI6InN5c2FkbWluQHFhY29kZXJzLmNvbSJ9LCJyZWdpc3RyYXRpb25EYXRlIjoicXVhcnRhLWZlaXJhLCAyNS8wNi8yMDI1LCAxOTozMTo1OCBCUlQiLCJyZWdpc3RyYXRpb25OdW1iZXIiOiIwMSIsImNvbXBhbnlJZCI6IlFhLkNvZGVycyIsIl9pZCI6IjY4NWM3OGRmZjJlNWJkZjU3NzA2ZGFjOSJ9XSwiX192IjowLCJpYXQiOjE3NTY0MDk5NDIsImV4cCI6MTc1NjQ5NjM0Mn0.en8VKzZ85x6we0XjkgLc15nhsjFx3kt3RqMZ3DfqwXI"} 
 </msg>
<msg time="2025-08-28T16:39:03.921566" level="INFO">C:\Users\evilh\AppData\Local\Programs\Python\Python313\Lib\site-packages\urllib3\connectionpool.py:1097: InsecureRequestWarning: Unverified HTTPS request is being made to host 'api-shogun.qacoders.dev.br'. Adding certificate verification is strongly advised. See: https://urllib3.readthedocs.io/en/latest/advanced-usage.html#tls-warnings
  warnings.warn(</msg>
<msg time="2025-08-28T16:39:03.922365" level="INFO">${response} = &lt;Response [200]&gt;</msg>
<var>${response}</var>
<arg>supernatural</arg>
<arg>/api/login/</arg>
<arg>json=${body}</arg>
<doc>Sends a POST request on a previously created HTTP Session.</doc>
<status status="PASS" start="2025-08-28T16:39:02.785850" elapsed="1.136602"/>
</kw>
<kw name="Should Be Equal As Integers" owner="BuiltIn">
<msg time="2025-08-28T16:39:03.923743" level="INFO">Argument types are:
&lt;class 'int'&gt;
&lt;class 'str'&gt;</msg>
<arg>${response.status_code}</arg>
<arg>200</arg>
<doc>Fails if objects are unequal after converting them to integers.</doc>
<status status="PASS" start="2025-08-28T16:39:03.922759" elapsed="0.001112"/>
</kw>
<kw name="Set Variable" owner="BuiltIn">
<msg time="2025-08-28T16:39:03.925137" level="INFO">${json} = {'msg': 'Olá Qa-Coders-SYSADMIN, autenticação autorizada com sucesso!', 'user': {'_id': '685c78dff2e5bdf57706dac8', 'fullName': 'Qa-Coders-SYSADMIN', 'mail': 'sysadmin@qacoders.com', 'password': '$2b$...</msg>
<var>${json}</var>
<arg>${response.json()}</arg>
<doc>Returns the given values which can then be assigned to a variables.</doc>
<status status="PASS" start="2025-08-28T16:39:03.924109" elapsed="0.001095"/>
</kw>
<kw name="Set Variable" owner="BuiltIn">
<msg time="2025-08-28T16:39:03.926494" level="INFO">${token} = eyJhbGciOiJIUzI1NiIsInR5cCI6IkpXVCJ9.eyJfaWQiOiI2ODVjNzhkZmYyZTViZGY1NzcwNmRhYzgiLCJmdWxsTmFtZSI6IlFhLUNvZGVycy1TWVNBRE1JTiIsIm1haWwiOiJzeXNhZG1pbkBxYWNvZGVycy5jb20iLCJwYXNzd29yZCI6IiQyYiQxMCRWek5ZZ20...</msg>
<var>${token}</var>
<arg>${json['token']}</arg>
<doc>Returns the given values which can then be assigned to a variables.</doc>
<status status="PASS" start="2025-08-28T16:39:03.925537" elapsed="0.001021"/>
</kw>
<kw name="Set Suite Variable" owner="BuiltIn">
<msg time="2025-08-28T16:39:03.927177" level="INFO">${TOKEN} = eyJhbGciOiJIUzI1NiIsInR5cCI6IkpXVCJ9.eyJfaWQiOiI2ODVjNzhkZmYyZTViZGY1NzcwNmRhYzgiLCJmdWxsTmFtZSI6IlFhLUNvZGVycy1TWVNBRE1JTiIsIm1haWwiOiJzeXNhZG1pbkBxYWNvZGVycy5jb20iLCJwYXNzd29yZCI6IiQyYiQxMCRWek5ZZ20...</msg>
<arg>${TOKEN}</arg>
<arg>${token}</arg>
<doc>Makes a variable available everywhere within the scope of the current suite.</doc>
<status status="PASS" start="2025-08-28T16:39:03.926801" elapsed="0.000464"/>
</kw>
<doc>Faz login e armazena o token para uso em outros testes</doc>
<status status="PASS" start="2025-08-28T16:39:02.783547" elapsed="1.143850"/>
</kw>
<kw name="Gerar Nome Diretoria" owner="board">
<kw name="Generate Random String" owner="String">
<msg time="2025-08-28T16:39:03.928102" level="INFO">${palavra_randomica} = QTWnHRxzO</msg>
<var>${palavra_randomica}</var>
<arg>length=9</arg>
<arg>chars=[LETTERS]</arg>
<doc>Generates a string with a desired ``length`` from the given ``chars``.</doc>
<status status="PASS" start="2025-08-28T16:39:03.927959" elapsed="0.000160"/>
</kw>
<kw name="Convert To Lower Case" owner="String">
<msg time="2025-08-28T16:39:03.928263" level="INFO">${palavra_randomica} = bqtwnhrxzo</msg>
<var>${palavra_randomica}</var>
<arg>B${palavra_randomica}</arg>
<doc>Converts string to lower case.</doc>
<status status="PASS" start="2025-08-28T16:39:03.928178" elapsed="0.000099"/>
</kw>
<kw name="Set Test Variable" owner="BuiltIn">
<msg time="2025-08-28T16:39:03.928425" level="INFO">${BOARD_NAME} = bqtwnhrxzo</msg>
<arg>${BOARD_NAME}</arg>
<arg>${palavra_randomica}</arg>
<doc>Makes a variable available everywhere within the scope of the current test.</doc>
<status status="PASS" start="2025-08-28T16:39:03.928335" elapsed="0.000111"/>
</kw>
<kw name="Log" owner="BuiltIn">
<msg time="2025-08-28T16:39:03.928556" level="INFO">bqtwnhrxzo</msg>
<arg>${BOARD_NAME}</arg>
<doc>Logs the given message with the given level.</doc>
<status status="PASS" start="2025-08-28T16:39:03.928497" elapsed="0.000080"/>
</kw>
<status status="PASS" start="2025-08-28T16:39:03.927818" elapsed="0.000788"/>
</kw>
<kw name="Cadastrar Diretoria com Caracteres Inválidos" owner="board">
<kw name="Create Dictionary" owner="BuiltIn">
<msg time="2025-08-28T16:39:03.929170" level="INFO">${headers} = {'Content-Type': 'application/json', 'Authorization': 'eyJhbGciOiJIUzI1NiIsInR5cCI6IkpXVCJ9.eyJfaWQiOiI2ODVjNzhkZmYyZTViZGY1NzcwNmRhYzgiLCJmdWxsTmFtZSI6IlFhLUNvZGVycy1TWVNBRE1JTiIsIm1haWwiOiJzeXNhZG1p...</msg>
<var>${headers}</var>
<arg>Content-Type=application/json</arg>
<arg>Authorization=${TOKEN}</arg>
<doc>Creates and returns a dictionary based on the given ``items``.</doc>
<status status="PASS" start="2025-08-28T16:39:03.929041" elapsed="0.000146"/>
</kw>
<kw name="Create Dictionary" owner="BuiltIn">
<msg time="2025-08-28T16:39:03.929327" level="INFO">${body} = {'boardName': '$aude'}</msg>
<var>${body}</var>
<arg>boardName=$aude</arg>
<doc>Creates and returns a dictionary based on the given ``items``.</doc>
<status status="PASS" start="2025-08-28T16:39:03.929249" elapsed="0.000092"/>
</kw>
<kw name="POST On Session" owner="RequestsLibrary">
<msg time="2025-08-28T16:39:04.092753" level="INFO">POST Request : url=https://api-shogun.qacoders.dev.br/api/board 
 path_url=/api/board 
 headers={'User-Agent': 'python-requests/2.32.4', 'Accept-Encoding': 'gzip, deflate, zstd', 'accept': 'application/json', 'Connection': 'keep-alive', 'Content-Type': 'application/json', 'Authorization': 'eyJhbGciOiJIUzI1NiIsInR5cCI6IkpXVCJ9.eyJfaWQiOiI2ODVjNzhkZmYyZTViZGY1NzcwNmRhYzgiLCJmdWxsTmFtZSI6IlFhLUNvZGVycy1TWVNBRE1JTiIsIm1haWwiOiJzeXNhZG1pbkBxYWNvZGVycy5jb20iLCJwYXNzd29yZCI6IiQyYiQxMCRWek5ZZ20zZEJBTzRXLlRsZC4xZlYuY3Y4MDlkYUNtclVjYXIuWWJwUVJZZm01aENUaVF3NiIsImFjY2Vzc1Byb2ZpbGUiOiJTWVNBRE1JTiIsImNwZiI6IjExMTExMTExMTExIiwic3RhdHVzIjp0cnVlLCJhdWRpdCI6W3sicmVnaXN0ZXJlZEJ5Ijp7InVzZXJJZCI6IjExMTExMTExMTExMTExMTExMSIsInVzZXJMb2dpbiI6InN5c2FkbWluQHFhY29kZXJzLmNvbSJ9LCJyZWdpc3RyYXRpb25EYXRlIjoicXVhcnRhLWZlaXJhLCAyNS8wNi8yMDI1LCAxOTozMTo1OCBCUlQiLCJyZWdpc3RyYXRpb25OdW1iZXIiOiIwMSIsImNvbXBhbnlJZCI6IlFhLkNvZGVycyIsIl9pZCI6IjY4NWM3OGRmZjJlNWJkZjU3NzA2ZGFjOSJ9XSwiX192IjowLCJpYXQiOjE3NTY0MDk5NDIsImV4cCI6MTc1NjQ5NjM0Mn0.en8VKzZ85x6we0XjkgLc15nhsjFx3kt3RqMZ3DfqwXI', 'Content-Length': '22'} 
 body=b'{"boardName": "$aude"}' 
 </msg>
<msg time="2025-08-28T16:39:04.092927" level="INFO">POST Response : url=https://api-shogun.qacoders.dev.br/api/board 
 status=400, reason=Bad Request 
 headers={'Access-Control-Allow-Origin': '*', 'Content-Length': '84', 'Content-Type': 'application/json; charset=utf-8', 'Date': 'Thu, 28 Aug 2025 19:39:02 GMT', 'Etag': 'W/"54-kPAkPq3704yBNDfw0n6YFGiWzyM"', 'X-Powered-By': 'Express'} 
 body={"error":["O campo 'diretoria' só pode conter letras e o caractere especial '&amp;'."]} 
 </msg>
<msg time="2025-08-28T16:39:04.093070" level="INFO">C:\Users\evilh\AppData\Local\Programs\Python\Python313\Lib\site-packages\urllib3\connectionpool.py:1097: InsecureRequestWarning: Unverified HTTPS request is being made to host 'api-shogun.qacoders.dev.br'. Adding certificate verification is strongly advised. See: https://urllib3.readthedocs.io/en/latest/advanced-usage.html#tls-warnings
  warnings.warn(</msg>
<msg time="2025-08-28T16:39:04.093886" level="INFO">${response} = &lt;Response [400]&gt;</msg>
<var>${response}</var>
<arg>supernatural</arg>
<arg>/api/board</arg>
<arg>json=${body}</arg>
<arg>headers=${headers}</arg>
<arg>expected_status=400</arg>
<doc>Sends a POST request on a previously created HTTP Session.</doc>
<status status="PASS" start="2025-08-28T16:39:03.929394" elapsed="0.164577"/>
</kw>
<doc>Tenta cadastrar uma diretoria com caracteres inválidos</doc>
<status status="PASS" start="2025-08-28T16:39:03.928898" elapsed="0.165268"/>
</kw>
<doc>Faz login e tenta cadastra diretoria com caracteres inválidos</doc>
<status status="PASS" start="2025-08-28T16:39:02.781152" elapsed="1.313612"/>
</test>
<test id="s1-s1-s2-t4" name="Cadastrar Diretoria com Nome Vazio" line="27">
<kw name="Login e Obter Token" owner="login">
<kw name="Create Dictionary" owner="BuiltIn">
<msg time="2025-08-28T16:39:04.098693" level="INFO">${headers} = {'accept': 'application/json', 'Content-Type': 'application/json'}</msg>
<var>${headers}</var>
<arg>accept=application/json</arg>
<arg>Content-Type=application/json</arg>
<doc>Creates and returns a dictionary based on the given ``items``.</doc>
<status status="PASS" start="2025-08-28T16:39:04.098302" elapsed="0.000458"/>
</kw>
<kw name="Create Session" owner="RequestsLibrary">
<msg time="2025-08-28T16:39:04.099512" level="INFO">Creating Session using : alias=supernatural, url=https://api-shogun.qacoders.dev.br, headers={'accept': 'application/json', 'Content-Type': 'application/json'},                     cookies={}, auth=None, timeout=None, proxies=None, verify=False,                     debug=0 </msg>
<arg>supernatural</arg>
<arg>${BASE_URL}</arg>
<arg>headers=${headers}</arg>
<arg>verify=${False}</arg>
<doc>Create Session: create a HTTP session to a server</doc>
<status status="PASS" start="2025-08-28T16:39:04.098993" elapsed="0.000805"/>
</kw>
<kw name="Create Dictionary" owner="BuiltIn">
<msg time="2025-08-28T16:39:04.100549" level="INFO">${body} = {'mail': 'sysadmin@qacoders.com', 'password': '1234@Test'}</msg>
<var>${body}</var>
<arg>mail=${ADMIN_EMAIL}</arg>
<arg>password=${ADMIN_PASSWORD}</arg>
<doc>Creates and returns a dictionary based on the given ``items``.</doc>
<status status="PASS" start="2025-08-28T16:39:04.100042" elapsed="0.000675"/>
</kw>
<kw name="POST On Session" owner="RequestsLibrary">
<msg time="2025-08-28T16:39:06.221136" level="INFO">POST Request : url=https://api-shogun.qacoders.dev.br/api/login/ 
 path_url=/api/login/ 
 headers={'User-Agent': 'python-requests/2.32.4', 'Accept-Encoding': 'gzip, deflate, zstd', 'accept': 'application/json', 'Connection': 'keep-alive', 'Content-Type': 'application/json', 'Content-Length': '58'} 
 body=b'{"mail": "sysadmin@qacoders.com", "password": "1234@Test"}' 
 </msg>
<msg time="2025-08-28T16:39:06.221299" level="INFO">POST Response : url=https://api-shogun.qacoders.dev.br/api/login/ 
 status=200, reason=OK 
 headers={'Access-Control-Allow-Origin': '*', 'Content-Length': '1334', 'Content-Type': 'application/json; charset=utf-8', 'Date': 'Thu, 28 Aug 2025 19:39:05 GMT', 'Etag': 'W/"536-FANCdXTs5/0VCDvTjIhmOHOQlMY"', 'X-Powered-By': 'Express'} 
 body={"msg":"Olá Qa-Coders-SYSADMIN, autenticação autorizada com sucesso!","user":{"_id":"685c78dff2e5bdf57706dac8","fullName":"Qa-Coders-SYSADMIN","mail":"sysadmin@qacoders.com","password":"$2b$10$VzNYgm3dBAO4W.Tld.1fV.cv809daCmrUcar.YbpQRYfm5hCTiQw6","accessProfile":"SYSADMIN","cpf":"11111111111","status":true,"audit":[{"registeredBy":{"userId":"111111111111111111","userLogin":"sysadmin@qacoders.com"},"registrationDate":"quarta-feira, 25/06/2025, 19:31:58 BRT","registrationNumber":"01","companyId":"Qa.Coders","_id":"685c78dff2e5bdf57706dac9"}],"__v":0},"token":"eyJhbGciOiJIUzI1NiIsInR5cCI6IkpXVCJ9.eyJfaWQiOiI2ODVjNzhkZmYyZTViZGY1NzcwNmRhYzgiLCJmdWxsTmFtZSI6IlFhLUNvZGVycy1TWVNBRE1JTiIsIm1haWwiOiJzeXNhZG1pbkBxYWNvZGVycy5jb20iLCJwYXNzd29yZCI6IiQyYiQxMCRWek5ZZ20zZEJBTzRXLlRsZC4xZlYuY3Y4MDlkYUNtclVjYXIuWWJwUVJZZm01aENUaVF3NiIsImFjY2Vzc1Byb2ZpbGUiOiJTWVNBRE1JTiIsImNwZiI6IjExMTExMTExMTExIiwic3RhdHVzIjp0cnVlLCJhdWRpdCI6W3sicmVnaXN0ZXJlZEJ5Ijp7InVzZXJJZCI6IjExMTExMTExMTExMTExMTExMSIsInVzZXJMb2dpbiI6InN5c2FkbWluQHFhY29kZXJzLmNvbSJ9LCJyZWdpc3RyYXRpb25EYXRlIjoicXVhcnRhLWZlaXJhLCAyNS8wNi8yMDI1LCAxOTozMTo1OCBCUlQiLCJyZWdpc3RyYXRpb25OdW1iZXIiOiIwMSIsImNvbXBhbnlJZCI6IlFhLkNvZGVycyIsIl9pZCI6IjY4NWM3OGRmZjJlNWJkZjU3NzA2ZGFjOSJ9XSwiX192IjowLCJpYXQiOjE3NTY0MDk5NDUsImV4cCI6MTc1NjQ5NjM0NX0.fg2LKOZzA6sfxeRmn1-xV6J5f1r5CCGEwkQWy6Z3p3M"} 
 </msg>
<msg time="2025-08-28T16:39:06.221450" level="INFO">C:\Users\evilh\AppData\Local\Programs\Python\Python313\Lib\site-packages\urllib3\connectionpool.py:1097: InsecureRequestWarning: Unverified HTTPS request is being made to host 'api-shogun.qacoders.dev.br'. Adding certificate verification is strongly advised. See: https://urllib3.readthedocs.io/en/latest/advanced-usage.html#tls-warnings
  warnings.warn(</msg>
<msg time="2025-08-28T16:39:06.222255" level="INFO">${response} = &lt;Response [200]&gt;</msg>
<var>${response}</var>
<arg>supernatural</arg>
<arg>/api/login/</arg>
<arg>json=${body}</arg>
<doc>Sends a POST request on a previously created HTTP Session.</doc>
<status status="PASS" start="2025-08-28T16:39:04.100949" elapsed="2.121389"/>
</kw>
<kw name="Should Be Equal As Integers" owner="BuiltIn">
<msg time="2025-08-28T16:39:06.223714" level="INFO">Argument types are:
&lt;class 'int'&gt;
&lt;class 'str'&gt;</msg>
<arg>${response.status_code}</arg>
<arg>200</arg>
<doc>Fails if objects are unequal after converting them to integers.</doc>
<status status="PASS" start="2025-08-28T16:39:06.222659" elapsed="0.001187"/>
</kw>
<kw name="Set Variable" owner="BuiltIn">
<msg time="2025-08-28T16:39:06.225120" level="INFO">${json} = {'msg': 'Olá Qa-Coders-SYSADMIN, autenticação autorizada com sucesso!', 'user': {'_id': '685c78dff2e5bdf57706dac8', 'fullName': 'Qa-Coders-SYSADMIN', 'mail': 'sysadmin@qacoders.com', 'password': '$2b$...</msg>
<var>${json}</var>
<arg>${response.json()}</arg>
<doc>Returns the given values which can then be assigned to a variables.</doc>
<status status="PASS" start="2025-08-28T16:39:06.224086" elapsed="0.001100"/>
</kw>
<kw name="Set Variable" owner="BuiltIn">
<msg time="2025-08-28T16:39:06.226340" level="INFO">${token} = eyJhbGciOiJIUzI1NiIsInR5cCI6IkpXVCJ9.eyJfaWQiOiI2ODVjNzhkZmYyZTViZGY1NzcwNmRhYzgiLCJmdWxsTmFtZSI6IlFhLUNvZGVycy1TWVNBRE1JTiIsIm1haWwiOiJzeXNhZG1pbkBxYWNvZGVycy5jb20iLCJwYXNzd29yZCI6IiQyYiQxMCRWek5ZZ20...</msg>
<var>${token}</var>
<arg>${json['token']}</arg>
<doc>Returns the given values which can then be assigned to a variables.</doc>
<status status="PASS" start="2025-08-28T16:39:06.225416" elapsed="0.000985"/>
</kw>
<kw name="Set Suite Variable" owner="BuiltIn">
<msg time="2025-08-28T16:39:06.227013" level="INFO">${TOKEN} = eyJhbGciOiJIUzI1NiIsInR5cCI6IkpXVCJ9.eyJfaWQiOiI2ODVjNzhkZmYyZTViZGY1NzcwNmRhYzgiLCJmdWxsTmFtZSI6IlFhLUNvZGVycy1TWVNBRE1JTiIsIm1haWwiOiJzeXNhZG1pbkBxYWNvZGVycy5jb20iLCJwYXNzd29yZCI6IiQyYiQxMCRWek5ZZ20...</msg>
<arg>${TOKEN}</arg>
<arg>${token}</arg>
<doc>Makes a variable available everywhere within the scope of the current suite.</doc>
<status status="PASS" start="2025-08-28T16:39:06.226646" elapsed="0.000453"/>
</kw>
<doc>Faz login e armazena o token para uso em outros testes</doc>
<status status="PASS" start="2025-08-28T16:39:04.097768" elapsed="2.129464"/>
</kw>
<kw name="Gerar Nome Diretoria" owner="board">
<kw name="Generate Random String" owner="String">
<msg time="2025-08-28T16:39:06.227904" level="INFO">${palavra_randomica} = bQLbQZBEu</msg>
<var>${palavra_randomica}</var>
<arg>length=9</arg>
<arg>chars=[LETTERS]</arg>
<doc>Generates a string with a desired ``length`` from the given ``chars``.</doc>
<status status="PASS" start="2025-08-28T16:39:06.227761" elapsed="0.000160"/>
</kw>
<kw name="Convert To Lower Case" owner="String">
<msg time="2025-08-28T16:39:06.228067" level="INFO">${palavra_randomica} = bbqlbqzbeu</msg>
<var>${palavra_randomica}</var>
<arg>B${palavra_randomica}</arg>
<doc>Converts string to lower case.</doc>
<status status="PASS" start="2025-08-28T16:39:06.227982" elapsed="0.000099"/>
</kw>
<kw name="Set Test Variable" owner="BuiltIn">
<msg time="2025-08-28T16:39:06.228226" level="INFO">${BOARD_NAME} = bbqlbqzbeu</msg>
<arg>${BOARD_NAME}</arg>
<arg>${palavra_randomica}</arg>
<doc>Makes a variable available everywhere within the scope of the current test.</doc>
<status status="PASS" start="2025-08-28T16:39:06.228138" elapsed="0.000110"/>
</kw>
<kw name="Log" owner="BuiltIn">
<msg time="2025-08-28T16:39:06.228355" level="INFO">bbqlbqzbeu</msg>
<arg>${BOARD_NAME}</arg>
<doc>Logs the given message with the given level.</doc>
<status status="PASS" start="2025-08-28T16:39:06.228298" elapsed="0.000079"/>
</kw>
<status status="PASS" start="2025-08-28T16:39:06.227622" elapsed="0.000783"/>
</kw>
<kw name="Cadastrar Diretoria com Caracteres Vazio" owner="board">
<kw name="Create Dictionary" owner="BuiltIn">
<msg time="2025-08-28T16:39:06.228964" level="INFO">${headers} = {'Content-Type': 'application/json', 'Authorization': 'eyJhbGciOiJIUzI1NiIsInR5cCI6IkpXVCJ9.eyJfaWQiOiI2ODVjNzhkZmYyZTViZGY1NzcwNmRhYzgiLCJmdWxsTmFtZSI6IlFhLUNvZGVycy1TWVNBRE1JTiIsIm1haWwiOiJzeXNhZG1p...</msg>
<var>${headers}</var>
<arg>Content-Type=application/json</arg>
<arg>Authorization=${TOKEN}</arg>
<doc>Creates and returns a dictionary based on the given ``items``.</doc>
<status status="PASS" start="2025-08-28T16:39:06.228836" elapsed="0.000145"/>
</kw>
<kw name="Create Dictionary" owner="BuiltIn">
<msg time="2025-08-28T16:39:06.229120" level="INFO">${body} = {'boardName': '$aude'}</msg>
<var>${body}</var>
<arg>boardName=$aude</arg>
<doc>Creates and returns a dictionary based on the given ``items``.</doc>
<status status="PASS" start="2025-08-28T16:39:06.229043" elapsed="0.000091"/>
</kw>
<kw name="POST On Session" owner="RequestsLibrary">
<msg time="2025-08-28T16:39:06.373789" level="INFO">POST Request : url=https://api-shogun.qacoders.dev.br/api/board 
 path_url=/api/board 
 headers={'User-Agent': 'python-requests/2.32.4', 'Accept-Encoding': 'gzip, deflate, zstd', 'accept': 'application/json', 'Connection': 'keep-alive', 'Content-Type': 'application/json', 'Authorization': 'eyJhbGciOiJIUzI1NiIsInR5cCI6IkpXVCJ9.eyJfaWQiOiI2ODVjNzhkZmYyZTViZGY1NzcwNmRhYzgiLCJmdWxsTmFtZSI6IlFhLUNvZGVycy1TWVNBRE1JTiIsIm1haWwiOiJzeXNhZG1pbkBxYWNvZGVycy5jb20iLCJwYXNzd29yZCI6IiQyYiQxMCRWek5ZZ20zZEJBTzRXLlRsZC4xZlYuY3Y4MDlkYUNtclVjYXIuWWJwUVJZZm01aENUaVF3NiIsImFjY2Vzc1Byb2ZpbGUiOiJTWVNBRE1JTiIsImNwZiI6IjExMTExMTExMTExIiwic3RhdHVzIjp0cnVlLCJhdWRpdCI6W3sicmVnaXN0ZXJlZEJ5Ijp7InVzZXJJZCI6IjExMTExMTExMTExMTExMTExMSIsInVzZXJMb2dpbiI6InN5c2FkbWluQHFhY29kZXJzLmNvbSJ9LCJyZWdpc3RyYXRpb25EYXRlIjoicXVhcnRhLWZlaXJhLCAyNS8wNi8yMDI1LCAxOTozMTo1OCBCUlQiLCJyZWdpc3RyYXRpb25OdW1iZXIiOiIwMSIsImNvbXBhbnlJZCI6IlFhLkNvZGVycyIsIl9pZCI6IjY4NWM3OGRmZjJlNWJkZjU3NzA2ZGFjOSJ9XSwiX192IjowLCJpYXQiOjE3NTY0MDk5NDUsImV4cCI6MTc1NjQ5NjM0NX0.fg2LKOZzA6sfxeRmn1-xV6J5f1r5CCGEwkQWy6Z3p3M', 'Content-Length': '22'} 
 body=b'{"boardName": "$aude"}' 
 </msg>
<msg time="2025-08-28T16:39:06.374067" level="INFO">POST Response : url=https://api-shogun.qacoders.dev.br/api/board 
 status=400, reason=Bad Request 
 headers={'Access-Control-Allow-Origin': '*', 'Content-Length': '84', 'Content-Type': 'application/json; charset=utf-8', 'Date': 'Thu, 28 Aug 2025 19:39:05 GMT', 'Etag': 'W/"54-kPAkPq3704yBNDfw0n6YFGiWzyM"', 'X-Powered-By': 'Express'} 
 body={"error":["O campo 'diretoria' só pode conter letras e o caractere especial '&amp;'."]} 
 </msg>
<msg time="2025-08-28T16:39:06.374213" level="INFO">C:\Users\evilh\AppData\Local\Programs\Python\Python313\Lib\site-packages\urllib3\connectionpool.py:1097: InsecureRequestWarning: Unverified HTTPS request is being made to host 'api-shogun.qacoders.dev.br'. Adding certificate verification is strongly advised. See: https://urllib3.readthedocs.io/en/latest/advanced-usage.html#tls-warnings
  warnings.warn(</msg>
<msg time="2025-08-28T16:39:06.375024" level="INFO">${response} = &lt;Response [400]&gt;</msg>
<var>${response}</var>
<arg>supernatural</arg>
<arg>/api/board</arg>
<arg>json=${body}</arg>
<arg>headers=${headers}</arg>
<arg>expected_status=400</arg>
<doc>Sends a POST request on a previously created HTTP Session.</doc>
<status status="PASS" start="2025-08-28T16:39:06.229186" elapsed="0.145923"/>
</kw>
<doc>Tenta cadastrar uma diretoria com caracteres vazios</doc>
<status status="PASS" start="2025-08-28T16:39:06.228695" elapsed="0.146611"/>
</kw>
<doc>Faz login e tenta cadastrar diretoria com nome vazio</doc>
<status status="PASS" start="2025-08-28T16:39:04.096529" elapsed="2.279372"/>
</test>
<status status="PASS" start="2025-08-28T16:39:00.173665" elapsed="6.204155"/>
</suite>
<suite id="s1-s1-s3" name="Put Board Test" source="C:\Documents\PROJETO\supernatural-academyt14-api-robot\tests\board\put_board_test.robot">
<test id="s1-s1-s3-t1" name="Editar Diretoria com sucesso" line="6">
<kw name="Login e Obter Token" owner="login">
<kw name="Create Dictionary" owner="BuiltIn">
<msg time="2025-08-28T16:39:06.387972" level="INFO">${headers} = {'accept': 'application/json', 'Content-Type': 'application/json'}</msg>
<var>${headers}</var>
<arg>accept=application/json</arg>
<arg>Content-Type=application/json</arg>
<doc>Creates and returns a dictionary based on the given ``items``.</doc>
<status status="PASS" start="2025-08-28T16:39:06.387581" elapsed="0.000429"/>
</kw>
<kw name="Create Session" owner="RequestsLibrary">
[...]
 </msg>
<msg time="2025-08-28T16:39:21.921199" level="INFO">C:\Users\evilh\AppData\Local\Programs\Python\Python313\Lib\site-packages\urllib3\connectionpool.py:1097: InsecureRequestWarning: Unverified HTTPS request is being made to host 'api-shogun.qacoders.dev.br'. Adding certificate verification is strongly advised. See: https://urllib3.readthedocs.io/en/latest/advanced-usage.html#tls-warnings
  warnings.warn(</msg>
<msg time="2025-08-28T16:39:21.921955" level="INFO">${response} = &lt;Response [200]&gt;</msg>
<var>${response}</var>
<arg>supernatural</arg>
<arg>/api/login/</arg>
<arg>json=${body}</arg>
<doc>Sends a POST request on a previously created HTTP Session.</doc>
<status status="PASS" start="2025-08-28T16:39:20.801319" elapsed="1.120715"/>
</kw>
<kw name="Should Be Equal As Integers" owner="BuiltIn">
<msg time="2025-08-28T16:39:21.923253" level="INFO">Argument types are:
&lt;class 'int'&gt;
&lt;class 'str'&gt;</msg>
<arg>${response.status_code}</arg>
<arg>200</arg>
<doc>Fails if objects are unequal after converting them to integers.</doc>
<status status="PASS" start="2025-08-28T16:39:21.922326" elapsed="0.001048"/>
</kw>
<kw name="Set Variable" owner="BuiltIn">
<msg time="2025-08-28T16:39:21.924512" level="INFO">${json} = {'msg': 'Olá Qa-Coders-SYSADMIN, autenticação autorizada com sucesso!', 'user': {'_id': '685c78dff2e5bdf57706dac8', 'fullName': 'Qa-Coders-SYSADMIN', 'mail': 'sysadmin@qacoders.com', 'password': '$2b$...</msg>
<var>${json}</var>
<arg>${response.json()}</arg>
<doc>Returns the given values which can then be assigned to a variables.</doc>
<status status="PASS" start="2025-08-28T16:39:21.923603" elapsed="0.000964"/>
</kw>
<kw name="Set Variable" owner="BuiltIn">
<msg time="2025-08-28T16:39:21.925555" level="INFO">${token} = eyJhbGciOiJIUzI1NiIsInR5cCI6IkpXVCJ9.eyJfaWQiOiI2ODVjNzhkZmYyZTViZGY1NzcwNmRhYzgiLCJmdWxsTmFtZSI6IlFhLUNvZGVycy1TWVNBRE1JTiIsIm1haWwiOiJzeXNhZG1pbkBxYWNvZGVycy5jb20iLCJwYXNzd29yZCI6IiQyYiQxMCRWek5ZZ20...</msg>
<var>${token}</var>
<arg>${json['token']}</arg>
<doc>Returns the given values which can then be assigned to a variables.</doc>
<status status="PASS" start="2025-08-28T16:39:21.924769" elapsed="0.000837"/>
</kw>
<kw name="Set Suite Variable" owner="BuiltIn">
<msg time="2025-08-28T16:39:21.926123" level="INFO">${TOKEN} = eyJhbGciOiJIUzI1NiIsInR5cCI6IkpXVCJ9.eyJfaWQiOiI2ODVjNzhkZmYyZTViZGY1NzcwNmRhYzgiLCJmdWxsTmFtZSI6IlFhLUNvZGVycy1TWVNBRE1JTiIsIm1haWwiOiJzeXNhZG1pbkBxYWNvZGVycy5jb20iLCJwYXNzd29yZCI6IiQyYiQxMCRWek5ZZ20...</msg>
<arg>${TOKEN}</arg>
<arg>${token}</arg>
<doc>Makes a variable available everywhere within the scope of the current suite.</doc>
<status status="PASS" start="2025-08-28T16:39:21.925815" elapsed="0.000382"/>
</kw>
<doc>Faz login e armazena o token para uso em outros testes</doc>
<status status="PASS" start="2025-08-28T16:39:20.799129" elapsed="1.127182"/>
</kw>
<kw name="Cadastrar centro de custo constCentername já existente" owner="costCenter">
<kw name="Create Dictionary" owner="BuiltIn">
<msg time="2025-08-28T16:39:21.927703" level="INFO">${headers} = {'Content-Type': 'application/json', 'Authorization': 'eyJhbGciOiJIUzI1NiIsInR5cCI6IkpXVCJ9.eyJfaWQiOiI2ODVjNzhkZmYyZTViZGY1NzcwNmRhYzgiLCJmdWxsTmFtZSI6IlFhLUNvZGVycy1TWVNBRE1JTiIsIm1haWwiOiJzeXNhZG1p...</msg>
<var>${headers}</var>
<arg>Content-Type=application/json</arg>
<arg>Authorization=${TOKEN}</arg>
<doc>Creates and returns a dictionary based on the given ``items``.</doc>
<status status="PASS" start="2025-08-28T16:39:21.927440" elapsed="0.000298"/>
</kw>
<kw name="Create Session" owner="RequestsLibrary">
<msg time="2025-08-28T16:39:21.928128" level="INFO">Creating Session using : alias=supernatural, url=https://api-shogun.qacoders.dev.br, headers={'Content-Type': 'application/json', 'Authorization': 'eyJhbGciOiJIUzI1NiIsInR5cCI6IkpXVCJ9.eyJfaWQiOiI2ODVjNzhkZmYyZTViZGY1NzcwNmRhYzgiLCJmdWxsTmFtZSI6IlFhLUNvZGVycy1TWVNBRE1JTiIsIm1haWwiOiJzeXNhZG1pbkBxYWNvZGVycy5jb20iLCJwYXNzd29yZCI6IiQyYiQxMCRWek5ZZ20zZEJBTzRXLlRsZC4xZlYuY3Y4MDlkYUNtclVjYXIuWWJwUVJZZm01aENUaVF3NiIsImFjY2Vzc1Byb2ZpbGUiOiJTWVNBRE1JTiIsImNwZiI6IjExMTExMTExMTExIiwic3RhdHVzIjp0cnVlLCJhdWRpdCI6W3sicmVnaXN0ZXJlZEJ5Ijp7InVzZXJJZCI6IjExMTExMTExMTExMTExMTExMSIsInVzZXJMb2dpbiI6InN5c2FkbWluQHFhY29kZXJzLmNvbSJ9LCJyZWdpc3RyYXRpb25EYXRlIjoicXVhcnRhLWZlaXJhLCAyNS8wNi8yMDI1LCAxOTozMTo1OCBCUlQiLCJyZWdpc3RyYXRpb25OdW1iZXIiOiIwMSIsImNvbXBhbnlJZCI6IlFhLkNvZGVycyIsIl9pZCI6IjY4NWM3OGRmZjJlNWJkZjU3NzA2ZGFjOSJ9XSwiX192IjowLCJpYXQiOjE3NTY0MDk5NjAsImV4cCI6MTc1NjQ5NjM2MH0.iQk_zMaNyP6mb_WcS7UczxEwvuLrDbcdTFSajXi125A'},                     cookies={}, auth=None, timeout=None, proxies=None, verify=False,                     debug=0 </msg>
<arg>supernatural</arg>
<arg>${BASE_URL}</arg>
<arg>headers=${headers}</arg>
<arg>verify=${False}</arg>
<doc>Create Session: create a HTTP session to a server</doc>
<status status="PASS" start="2025-08-28T16:39:21.927858" elapsed="0.000427"/>
</kw>
<kw name="Create Dictionary" owner="BuiltIn">
<msg time="2025-08-28T16:39:21.928688" level="INFO">${body} = {'costCenterName': 'TESTE', 'boardId': ' 68b0b060cec232b1ccc98f92'}</msg>
<var>${body}</var>
<arg>costCenterName=${COSTCENTERNAME}</arg>
<arg>boardId= ${BOARD_ID}</arg>
<doc>Creates and returns a dictionary based on the given ``items``.</doc>
<status status="PASS" start="2025-08-28T16:39:21.928418" elapsed="0.000299"/>
</kw>
<kw name="POST On Session" owner="RequestsLibrary">
<msg time="2025-08-28T16:39:22.414497" level="INFO">POST Request : url=https://api-shogun.qacoders.dev.br/api/costCenter 
 path_url=/api/costCenter 
 headers={'User-Agent': 'python-requests/2.32.4', 'Accept-Encoding': 'gzip, deflate, zstd', 'Accept': '*/*', 'Connection': 'keep-alive', 'Content-Type': 'application/json', 'Authorization': 'eyJhbGciOiJIUzI1NiIsInR5cCI6IkpXVCJ9.eyJfaWQiOiI2ODVjNzhkZmYyZTViZGY1NzcwNmRhYzgiLCJmdWxsTmFtZSI6IlFhLUNvZGVycy1TWVNBRE1JTiIsIm1haWwiOiJzeXNhZG1pbkBxYWNvZGVycy5jb20iLCJwYXNzd29yZCI6IiQyYiQxMCRWek5ZZ20zZEJBTzRXLlRsZC4xZlYuY3Y4MDlkYUNtclVjYXIuWWJwUVJZZm01aENUaVF3NiIsImFjY2Vzc1Byb2ZpbGUiOiJTWVNBRE1JTiIsImNwZiI6IjExMTExMTExMTExIiwic3RhdHVzIjp0cnVlLCJhdWRpdCI6W3sicmVnaXN0ZXJlZEJ5Ijp7InVzZXJJZCI6IjExMTExMTExMTExMTExMTExMSIsInVzZXJMb2dpbiI6InN5c2FkbWluQHFhY29kZXJzLmNvbSJ9LCJyZWdpc3RyYXRpb25EYXRlIjoicXVhcnRhLWZlaXJhLCAyNS8wNi8yMDI1LCAxOTozMTo1OCBCUlQiLCJyZWdpc3RyYXRpb25OdW1iZXIiOiIwMSIsImNvbXBhbnlJZCI6IlFhLkNvZGVycyIsIl9pZCI6IjY4NWM3OGRmZjJlNWJkZjU3NzA2ZGFjOSJ9XSwiX192IjowLCJpYXQiOjE3NTY0MDk5NjAsImV4cCI6MTc1NjQ5NjM2MH0.iQk_zMaNyP6mb_WcS7UczxEwvuLrDbcdTFSajXi125A', 'Content-Length': '67'} 
 body=b'{"costCenterName": "TESTE", "boardId": " 68b0b060cec232b1ccc98f92"}' 
 </msg>
<msg time="2025-08-28T16:39:22.414669" level="INFO">POST Response : url=https://api-shogun.qacoders.dev.br/api/costCenter 
 status=409, reason=Conflict 
 headers={'Access-Control-Allow-Origin': '*', 'Content-Length': '97', 'Content-Type': 'application/json; charset=utf-8', 'Date': 'Thu, 28 Aug 2025 19:39:21 GMT', 'Etag': 'W/"61-K3uMZreyikkDuZDkVfPPj7DALxg"', 'X-Powered-By': 'Express'} 
 body={"alert":["Não é possível salvar esse registro. Centro de custos já cadastrado no sistema."]} 
 </msg>
<msg time="2025-08-28T16:39:22.414752" level="INFO">C:\Users\evilh\AppData\Local\Programs\Python\Python313\Lib\site-packages\urllib3\connectionpool.py:1097: InsecureRequestWarning: Unverified HTTPS request is being made to host 'api-shogun.qacoders.dev.br'. Adding certificate verification is strongly advised. See: https://urllib3.readthedocs.io/en/latest/advanced-usage.html#tls-warnings
  warnings.warn(</msg>
<msg time="2025-08-28T16:39:22.415414" level="INFO">${response} = &lt;Response [409]&gt;</msg>
<var>${response}</var>
<arg>supernatural</arg>
<arg>https://api-shogun.qacoders.dev.br/api/costCenter</arg>
<arg>json=${body}</arg>
<arg>expected_status=409</arg>
<doc>Sends a POST request on a previously created HTTP Session.</doc>
<status status="PASS" start="2025-08-28T16:39:21.928828" elapsed="0.486653"/>
</kw>
<kw name="To Json" owner="RequestsLibrary">
<msg time="2025-08-28T16:39:22.415902" level="WARN">Keyword 'RequestsLibrary.To Json' is deprecated. Please use ${resp.json()} instead. Have a look at the improved HTML output as pretty printing replacement.</msg>
<msg time="2025-08-28T16:39:22.417120" level="INFO">To JSON using : content={"alert":["Não é possível salvar esse registro. Centro de custos já cadastrado no sistema."]} </msg>
<msg time="2025-08-28T16:39:22.417159" level="INFO">To JSON using : pretty_print=False </msg>
<msg time="2025-08-28T16:39:22.417247" level="INFO">${json} = {'alert': ['Não é possível salvar esse registro. Centro de custos já cadastrado no sistema.']}</msg>
<var>${json}</var>
<arg>${response.content}</arg>
<doc>*DEPRECATED* Please use ${resp.json()} instead. Have a look at the improved HTML output as pretty printing replacement.</doc>
<status status="PASS" start="2025-08-28T16:39:22.415867" elapsed="0.001408"/>
</kw>
<return>
<value>${response}</value>
<status status="PASS" start="2025-08-28T16:39:22.417344" elapsed="0.000062"/>
</return>
<doc>Tenta cadastrar um centro de custo com nome já existente</doc>
<status status="PASS" start="2025-08-28T16:39:21.927109" elapsed="0.490420"/>
</kw>
<status status="PASS" start="2025-08-28T16:39:20.798222" elapsed="1.619577"/>
</test>
<status status="PASS" start="2025-08-28T16:39:12.255060" elapsed="10.163996"/>
</suite>
<status status="PASS" start="2025-08-28T16:39:12.251516" elapsed="10.168984"/>
</suite>
<suite id="s1-s3" name="Login" source="C:\Documents\PROJETO\supernatural-academyt14-api-robot\tests\login">
<suite id="s1-s3-s1" name="Login Test" source="C:\Documents\PROJETO\supernatural-academyt14-api-robot\tests\login\login_test.robot">
<test id="s1-s3-s1-t1" name="Login do Administrador" line="5">
<kw name="Login e Obter Token" owner="login">
<kw name="Create Dictionary" owner="BuiltIn">
<msg time="2025-08-28T16:39:22.425895" level="INFO">${headers} = {'accept': 'application/json', 'Content-Type': 'application/json'}</msg>
<var>${headers}</var>
<arg>accept=application/json</arg>
<arg>Content-Type=application/json</arg>
<doc>Creates and returns a dictionary based on the given ``items``.</doc>
<status status="PASS" start="2025-08-28T16:39:22.425762" elapsed="0.000158"/>
</kw>
<kw name="Create Session" owner="RequestsLibrary">
<msg time="2025-08-28T16:39:22.426176" level="INFO">Creating Session using : alias=supernatural, url=https://api-shogun.qacoders.dev.br, headers={'accept': 'application/json', 'Content-Type': 'application/json'},                     cookies={}, auth=None, timeout=None, proxies=None, verify=False,                     debug=0 </msg>
<arg>supernatural</arg>
<arg>${BASE_URL}</arg>
<arg>headers=${headers}</arg>
<arg>verify=${False}</arg>
<doc>Create Session: create a HTTP session to a server</doc>
<status status="PASS" start="2025-08-28T16:39:22.425996" elapsed="0.000288"/>
</kw>
<kw name="Create Dictionary" owner="BuiltIn">
<msg time="2025-08-28T16:39:22.426539" level="INFO">${body} = {'mail': 'sysadmin@qacoders.com', 'password': '1234@Test'}</msg>
<var>${body}</var>
<arg>mail=${ADMIN_EMAIL}</arg>
<arg>password=${ADMIN_PASSWORD}</arg>
<doc>Creates and returns a dictionary based on the given ``items``.</doc>
<status status="PASS" start="2025-08-28T16:39:22.426366" elapsed="0.000192"/>
</kw>
<kw name="POST On Session" owner="RequestsLibrary">
<msg time="2025-08-28T16:39:23.623999" level="INFO">POST Request : url=https://api-shogun.qacoders.dev.br/api/login/ 
 path_url=/api/login/ 
 headers={'User-Agent': 'python-requests/2.32.4', 'Accept-Encoding': 'gzip, deflate, zstd', 'accept': 'application/json', 'Connection': 'keep-alive', 'Content-Type': 'application/json', 'Content-Length': '58'} 
 body=b'{"mail": "sysadmin@qacoders.com", "password": "1234@Test"}' 
 </msg>
<msg time="2025-08-28T16:39:23.624118" level="INFO">POST Response : url=https://api-shogun.qacoders.dev.br/api/login/ 
 status=200, reason=OK 
 headers={'Access-Control-Allow-Origin': '*', 'Content-Length': '1334', 'Content-Type': 'application/json; charset=utf-8', 'Date': 'Thu, 28 Aug 2025 19:39:21 GMT', 'Etag': 'W/"536-0vA3OrsjZEnjwYq7kyBc80nNm0Q"', 'X-Powered-By': 'Express'} 
 body={"msg":"Olá Qa-Coders-SYSADMIN, autenticação autorizada com sucesso!","user":{"_id":"685c78dff2e5bdf57706dac8","fullName":"Qa-Coders-SYSADMIN","mail":"sysadmin@qacoders.com","password":"$2b$10$VzNYgm3dBAO4W.Tld.1fV.cv809daCmrUcar.YbpQRYfm5hCTiQw6","accessProfile":"SYSADMIN","cpf":"11111111111","status":true,"audit":[{"registeredBy":{"userId":"111111111111111111","userLogin":"sysadmin@qacoders.com"},"registrationDate":"quarta-feira, 25/06/2025, 19:31:58 BRT","registrationNumber":"01","companyId":"Qa.Coders","_id":"685c78dff2e5bdf57706dac9"}],"__v":0},"token":"eyJhbGciOiJIUzI1NiIsInR5cCI6IkpXVCJ9.eyJfaWQiOiI2ODVjNzhkZmYyZTViZGY1NzcwNmRhYzgiLCJmdWxsTmFtZSI6IlFhLUNvZGVycy1TWVNBRE1JTiIsIm1haWwiOiJzeXNhZG1pbkBxYWNvZGVycy5jb20iLCJwYXNzd29yZCI6IiQyYiQxMCRWek5ZZ20zZEJBTzRXLlRsZC4xZlYuY3Y4MDlkYUNtclVjYXIuWWJwUVJZZm01aENUaVF3NiIsImFjY2Vzc1Byb2ZpbGUiOiJTWVNBRE1JTiIsImNwZiI6IjExMTExMTExMTExIiwic3RhdHVzIjp0cnVlLCJhdWRpdCI6W3sicmVnaXN0ZXJlZEJ5Ijp7InVzZXJJZCI6IjExMTExMTExMTExMTExMTExMSIsInVzZXJMb2dpbiI6InN5c2FkbWluQHFhY29kZXJzLmNvbSJ9LCJyZWdpc3RyYXRpb25EYXRlIjoicXVhcnRhLWZlaXJhLCAyNS8wNi8yMDI1LCAxOTozMTo1OCBCUlQiLCJyZWdpc3RyYXRpb25OdW1iZXIiOiIwMSIsImNvbXBhbnlJZCI6IlFhLkNvZGVycyIsIl9pZCI6IjY4NWM3OGRmZjJlNWJkZjU3NzA2ZGFjOSJ9XSwiX192IjowLCJpYXQiOjE3NTY0MDk5NjIsImV4cCI6MTc1NjQ5NjM2Mn0.B3pJGxG_VU6QmJndbisnIw7TxgPuZEXqxgp11DcSojY"} 
 </msg>
<msg time="2025-08-28T16:39:23.624235" level="INFO">C:\Users\evilh\AppData\Local\Programs\Python\Python313\Lib\site-packages\urllib3\connectionpool.py:1097: InsecureRequestWarning: Unverified HTTPS request is being made to host 'api-shogun.qacoders.dev.br'. Adding certificate verification is strongly advised. See: https://urllib3.readthedocs.io/en/latest/advanced-usage.html#tls-warnings
  warnings.warn(</msg>
<msg time="2025-08-28T16:39:23.624811" level="INFO">${response} = &lt;Response [200]&gt;</msg>
<var>${response}</var>
<arg>supernatural</arg>
<arg>/api/login/</arg>
<arg>json=${body}</arg>
<doc>Sends a POST request on a previously created HTTP Session.</doc>
<status status="PASS" start="2025-08-28T16:39:22.426622" elapsed="1.198244"/>
</kw>
<kw name="Should Be Equal As Integers" owner="BuiltIn">
<msg time="2025-08-28T16:39:23.625916" level="INFO">Argument types are:
&lt;class 'int'&gt;
&lt;class 'str'&gt;</msg>
<arg>${response.status_code}</arg>
<arg>200</arg>
<doc>Fails if objects are unequal after converting them to integers.</doc>
<status status="PASS" start="2025-08-28T16:39:23.625108" elapsed="0.000912"/>
</kw>
<kw name="Set Variable" owner="BuiltIn">
<msg time="2025-08-28T16:39:23.627202" level="INFO">${json} = {'msg': 'Olá Qa-Coders-SYSADMIN, autenticação autorizada com sucesso!', 'user': {'_id': '685c78dff2e5bdf57706dac8', 'fullName': 'Qa-Coders-SYSADMIN', 'mail': 'sysadmin@qacoders.com', 'password': '$2b$...</msg>
<var>${json}</var>
<arg>${response.json()}</arg>
<doc>Returns the given values which can then be assigned to a variables.</doc>
<status status="PASS" start="2025-08-28T16:39:23.626210" elapsed="0.001136"/>
</kw>
<kw name="Set Variable" owner="BuiltIn">
<msg time="2025-08-28T16:39:23.628249" level="INFO">${token} = eyJhbGciOiJIUzI1NiIsInR5cCI6IkpXVCJ9.eyJfaWQiOiI2ODVjNzhkZmYyZTViZGY1NzcwNmRhYzgiLCJmdWxsTmFtZSI6IlFhLUNvZGVycy1TWVNBRE1JTiIsIm1haWwiOiJzeXNhZG1pbkBxYWNvZGVycy5jb20iLCJwYXNzd29yZCI6IiQyYiQxMCRWek5ZZ20...</msg>
<var>${token}</var>
<arg>${json['token']}</arg>
<doc>Returns the given values which can then be assigned to a variables.</doc>
<status status="PASS" start="2025-08-28T16:39:23.627544" elapsed="0.000740"/>
</kw>
<kw name="Set Suite Variable" owner="BuiltIn">
<msg time="2025-08-28T16:39:23.628632" level="INFO">${TOKEN} = eyJhbGciOiJIUzI1NiIsInR5cCI6IkpXVCJ9.eyJfaWQiOiI2ODVjNzhkZmYyZTViZGY1NzcwNmRhYzgiLCJmdWxsTmFtZSI6IlFhLUNvZGVycy1TWVNBRE1JTiIsIm1haWwiOiJzeXNhZG1pbkBxYWNvZGVycy5jb20iLCJwYXNzd29yZCI6IiQyYiQxMCRWek5ZZ20...</msg>
<arg>${TOKEN}</arg>
<arg>${token}</arg>
<doc>Makes a variable available everywhere within the scope of the current suite.</doc>
<status status="PASS" start="2025-08-28T16:39:23.628421" elapsed="0.000260"/>
</kw>
<doc>Faz login e armazena o token para uso em outros testes</doc>
<status status="PASS" start="2025-08-28T16:39:22.425575" elapsed="1.203181"/>
</kw>
<kw name="Should Not Be Empty" owner="BuiltIn">
<msg time="2025-08-28T16:39:23.629322" level="INFO">Length is 764.</msg>
<arg>${TOKEN}</arg>
<doc>Verifies that the given item is not empty.</doc>
<status status="PASS" start="2025-08-28T16:39:23.629167" elapsed="0.000206"/>
</kw>
<doc>Realiza login e valida que o token foi obtido com sucesso</doc>
<status status="PASS" start="2025-08-28T16:39:22.425057" elapsed="1.204685"/>
</test>
<status status="PASS" start="2025-08-28T16:39:22.422813" elapsed="1.208196"/>
</suite>
<status status="PASS" start="2025-08-28T16:39:22.421377" elapsed="1.211087"/>
</suite>
<status status="PASS" start="2025-08-28T16:38:56.865969" elapsed="26.767701"/>
</suite>
<statistics>
<total>
<stat pass="15" fail="0" skip="0">All Tests</stat>
</total>
<tag>
</tag>
<suite>
<stat name="Tests" id="s1" pass="15" fail="0" skip="0">Tests</stat>
<stat name="Board" id="s1-s1" pass="9" fail="0" skip="0">Tests.Board</stat>
<stat name="Get Robot Test" id="s1-s1-s1" pass="1" fail="0" skip="0">Tests.Board.Get Robot Test</stat>
<stat name="Post Board Test" id="s1-s1-s2" pass="4" fail="0" skip="0">Tests.Board.Post Board Test</stat>
<stat name="Put Board Test" id="s1-s1-s3" pass="4" fail="0" skip="0">Tests.Board.Put Board Test</stat>
<stat name="costCenter" id="s1-s2" pass="5" fail="0" skip="0">Tests.costCenter</stat>
<stat name="post costCenter test" id="s1-s2-s1" pass="5" fail="0" skip="0">Tests.costCenter.post costCenter test</stat>
<stat name="Login" id="s1-s3" pass="1" fail="0" skip="0">Tests.Login</stat>
<stat name="Login Test" id="s1-s3-s1" pass="1" fail="0" skip="0">Tests.Login.Login Test</stat>
</suite>
</statistics>
<errors>
<msg time="2025-08-28T16:39:02.774949" level="WARN">Keyword 'RequestsLibrary.To Json' is deprecated. Please use ${resp.json()} instead. Have a look at the improved HTML output as pretty printing replacement.</msg>
<msg time="2025-08-28T16:39:16.922021" level="WARN">Keyword 'RequestsLibrary.To Json' is deprecated. Please use ${resp.json()} instead. Have a look at the improved HTML output as pretty printing replacement.</msg>
<msg time="2025-08-28T16:39:19.186846" level="WARN">Keyword 'RequestsLibrary.To Json' is deprecated. Please use ${resp.json()} instead. Have a look at the improved HTML output as pretty printing replacement.</msg>
<msg time="2025-08-28T16:39:20.793295" level="WARN">Keyword 'RequestsLibrary.To Json' is deprecated. Please use ${resp.json()} instead. Have a look at the improved HTML output as pretty printing replacement.</msg>
<msg time="2025-08-28T16:39:22.415902" level="WARN">Keyword 'RequestsLibrary.To Json' is deprecated. Please use ${resp.json()} instead. Have a look at the improved HTML output as pretty printing replacement.</msg>
</errors>
</robot>
